2023-03-15 18:13:44,359 [1] DEBUG  Application (null) (null) - Application Started
2023-03-15 18:13:49,412 [11] DEBUG  Application (null) (null) - Home Index Accessed, Param null
2023-03-15 18:13:49,474 [11] DEBUG  Application (null) (null) - request Is redirected to : http://192.168.0.72:8082
2023-03-15 18:13:49,613 [12] DEBUG  Application (null) (null) - LocalLogin Action Accessed
2023-03-15 18:17:52,810 [11] DEBUG  Application (null) (null) - [USP_MDLZ_Check_local_User] 'Revathi.k@aqinsights.com'
2023-03-15 18:17:55,453 [14] DEBUG  Application (null) (null) - Home Index Accessed, Param null
2023-03-15 18:17:55,511 [14] DEBUG  Application (null) (null) - User Is already Validated : revathi.k@aqinsights.com
2023-03-15 18:18:17,912 [11] DEBUG  Application (null) (null) - FilterPanel API initiated by User revathi.k@aqinsights.com
2023-03-15 18:18:17,938 [11] DEBUG  Application (null) (null) - [USP_mdlz_GetModule_Selections] '154'
2023-03-15 18:18:18,217 [11] DEBUG  Application (null) (null) - [USP_mdlz_filter] ''
2023-03-15 18:20:36,346 [15] DEBUG  Application (null) (null) - FilterPanel API initiated by User revathi.k@aqinsights.com
2023-03-15 18:20:36,419 [15] DEBUG  Application (null) (null) - [USP_mdlz_StoreModule_Selections] '154','3','[{"Id":0,"Name":"column","Selection":[{"Id":1,"Name":"Markets","DisplayName":"Markets","Selection":null}],"SelectionText":"markets"},{"Id":1,"Name":"row","Selection":[{"Id":101,"Name":"Level 1","DisplayName":"Level 1","Selection":[{"Id":3,"Name":"Category","DisplayName":"Category","Selection":null}]},{"Id":102,"Name":"Level 2","DisplayName":"Level 2","Selection":[{"Id":2,"Name":"Brands","DisplayName":"Brands","Selection":null}]}],"SelectionText":"Category - Brands"},{"Id":2,"Name":"markets","Selection":[{"Id":1,"Name":"Austria","DisplayName":"Austria","Selection":null},{"Id":2,"Name":"Belgium","DisplayName":"Belgium","Selection":null},{"Id":3,"Name":"Czech Republic","DisplayName":"Czech Republic","Selection":null},{"Id":4,"Name":"France","DisplayName":"France","Selection":null}],"SelectionText":"Multiple"},{"Id":3,"Name":"category","Selection":[{"Id":2,"Name":"Chocolate","DisplayName":"Chocolate","Selection":null},{"Id":3,"Name":"Gum & Candy","DisplayName":"Gum & Candy","Selection":null},{"Id":94,"Name":"Total PSA","DisplayName":"Total PSA","Selection":null},{"Id":95,"Name":"Cereal Bars","DisplayName":"Cereal Bars","Selection":null}],"SelectionText":"Multiple"},{"Id":4,"Name":"time period","Selection":[{"Id":2,"Name":"Quarterly","DisplayName":"Quarterly","Selection":[{"Id":6121,"Name":"P13/ Dec 2019","DisplayName":"P13/ Dec 2019","Selection":null}]}],"SelectionText":"Quarterly - P13/ Dec 2019"},{"Id":5,"Name":"Brands","Selection":[{"Id":464824,"Name":"Milka","DisplayName":"Milka","Selection":null,"BrandMappings":[{"CountryId":1,"CategoryId":2,"BrandId":464824,"BrandName":"milka"}],"$$hashKey":"object:1969"},{"Id":443351,"Name":"Milka Alpenmilk","DisplayName":"Milka Alpenmilk","Selection":null,"BrandMappings":[{"CountryId":1,"CategoryId":2,"BrandId":443351,"BrandName":"milka alpenmilk"}],"$$hashKey":"object:1971"},{"Id":443348,"Name":"Milka Family","DisplayName":"Milka Family","Selection":null,"BrandMappings":[{"CountryId":1,"CategoryId":2,"BrandId":443348,"BrandName":"milka family"}],"$$hashKey":"object:1973"}],"SelectionText":"Multiple"},{"Id":6,"Name":"segments","Selection":[],"SelectionText":"None | None"},{"Id":7,"Name":"kpi","Selection":[{"Id":1,"Name":"Absolute","DisplayName":"Absolute","Selection":[{"Id":8,"Name":"Penetration","DisplayName":"Absolute: Penetration","Selection":null}]}],"SelectionText":"absolute: penetration"},{"Id":8,"Name":"channel/retailer","Selection":[],"SelectionText":"None"}]'
2023-03-15 18:20:36,757 [13] DEBUG  Application (null) (null) - FilterPanel API initiated by User revathi.k@aqinsights.com
2023-03-15 18:20:37,361 [16] DEBUG  Application (null) (null) - CrossTab API initiated by User revathi.k@aqinsights.com
2023-03-15 18:20:37,410 [16] DEBUG  Application (null) (null) - DECLARE @A TVP_BRAND,@B TVP_BRAND,@C TVP_BRAND 
INSERT INTO @A VALUES ( 1,  1, 2, 464824)
INSERT INTO @A VALUES ( 2,  1, 2, 443351)
INSERT INTO @A VALUES ( 3,  1, 2, 443348)

2023-03-15 18:20:37,413 [16] DEBUG  Application (null) (null) - [USP_mdlz_crosstab_nested] '1','3|2','1|2|3|4','2|3|94|95','6121','@A','@B','@C','8','1','','','1'
2023-03-15 18:21:02,057 [11] DEBUG  Application (null) (null) - Home Index Accessed, Param null
2023-03-15 18:21:02,063 [11] DEBUG  Application (null) (null) - User Is already Validated : revathi.k@aqinsights.com
2023-03-15 18:21:58,387 [13] DEBUG  Application (null) (null) - FilterPanel API initiated by User revathi.k@aqinsights.com
2023-03-15 18:21:58,394 [13] DEBUG  Application (null) (null) - [USP_mdlz_GetModule_Selections_Multiple] '154','3'
2023-03-15 18:33:00,155 [20] DEBUG  Application (null) (null) - FilterPanel API initiated by User revathi.k@aqinsights.com
2023-03-15 18:33:00,179 [20] DEBUG  Application (null) (null) - [USP_mdlz_StoreModule_Selections] '154','3','[{"Id":0,"Name":"column","Selection":[{"Id":1,"Name":"Markets","DisplayName":"Markets","Selection":null}],"SelectionText":"markets"},{"Id":1,"Name":"row","Selection":[{"Id":101,"Name":"Level 1","DisplayName":"Level 1","Selection":[{"Id":3,"Name":"Category","DisplayName":"Category","Selection":null}]},{"Id":102,"Name":"Level 2","DisplayName":"Level 2","Selection":[{"Id":2,"Name":"Brands","DisplayName":"Brands","Selection":null}]}],"SelectionText":"Category - Brands"},{"Id":2,"Name":"markets","Selection":[{"Id":1,"Name":"Austria","DisplayName":"Austria","Selection":null},{"Id":2,"Name":"Belgium","DisplayName":"Belgium","Selection":null},{"Id":3,"Name":"Czech Republic","DisplayName":"Czech Republic","Selection":null},{"Id":4,"Name":"France","DisplayName":"France","Selection":null}],"SelectionText":"Multiple"},{"Id":3,"Name":"category","Selection":[{"Id":2,"Name":"Chocolate","DisplayName":"Chocolate","Selection":null},{"Id":3,"Name":"Gum & Candy","DisplayName":"Gum & Candy","Selection":null},{"Id":94,"Name":"Total PSA","DisplayName":"Total PSA","Selection":null},{"Id":95,"Name":"Cereal Bars","DisplayName":"Cereal Bars","Selection":null}],"SelectionText":"Multiple"},{"Id":4,"Name":"time period","Selection":[{"Id":2,"Name":"Quarterly","DisplayName":"Quarterly","Selection":[{"Id":6121,"Name":"P13/ Dec 2019","DisplayName":"P13/ Dec 2019","Selection":null}]}],"SelectionText":"Quarterly - P13/ Dec 2019"},{"Id":5,"Name":"Brands","Selection":[{"Id":464824,"Name":"Milka","DisplayName":"Milka","Selection":null,"BrandMappings":[{"CountryId":1,"CategoryId":2,"BrandId":464824,"BrandName":"milka"}],"$$hashKey":"object:1969"},{"Id":443351,"Name":"Milka Alpenmilk","DisplayName":"Milka Alpenmilk","Selection":null,"BrandMappings":[{"CountryId":1,"CategoryId":2,"BrandId":443351,"BrandName":"milka alpenmilk"}],"$$hashKey":"object:1971"},{"Id":443348,"Name":"Milka Family","DisplayName":"Milka Family","Selection":null,"BrandMappings":[{"CountryId":1,"CategoryId":2,"BrandId":443348,"BrandName":"milka family"}],"$$hashKey":"object:1973"}],"SelectionText":"Multiple"},{"Id":6,"Name":"segments","Selection":[],"SelectionText":"None | None"},{"Id":7,"Name":"kpi","Selection":[{"Id":1,"Name":"Absolute","DisplayName":"Absolute","Selection":[{"Id":8,"Name":"Penetration","DisplayName":"Absolute: Penetration","Selection":null}]}],"SelectionText":"absolute: penetration"},{"Id":8,"Name":"channel/retailer","Selection":[],"SelectionText":"None"}]'
2023-03-15 18:33:01,888 [25] DEBUG  Application (null) (null) - FilterPanel API initiated by User revathi.k@aqinsights.com
2023-03-15 18:33:02,702 [23] DEBUG  Application (null) (null) - CrossTab API initiated by User revathi.k@aqinsights.com
2023-03-15 18:33:02,724 [23] DEBUG  Application (null) (null) - DECLARE @A TVP_BRAND,@B TVP_BRAND,@C TVP_BRAND 
INSERT INTO @A VALUES ( 1,  1, 2, 464824)
INSERT INTO @A VALUES ( 2,  1, 2, 443351)
INSERT INTO @A VALUES ( 3,  1, 2, 443348)

2023-03-15 18:33:02,727 [23] DEBUG  Application (null) (null) - [USP_mdlz_crosstab_nested] '1','3|2','1|2|3|4','2|3|94|95','6121','@A','@B','@C','8','1','','','1'
2023-03-15 19:22:41,577 [36] DEBUG  Application (null) (null) - Home Index Accessed, Param null
2023-03-15 19:22:41,588 [36] DEBUG  Application (null) (null) - User Is already Validated : revathi.k@aqinsights.com
2023-03-15 19:22:44,319 [36] DEBUG  Application (null) (null) - FilterPanel API initiated by User revathi.k@aqinsights.com
2023-03-15 19:22:44,330 [36] DEBUG  Application (null) (null) - [USP_mdlz_GetModule_Selections] '154'
2023-03-15 19:22:46,005 [36] ERROR  Application (null) (null) - System.Data.SqlClient.SqlException (0x80131904): Cannot open server 'uat-ep-ne-sql01' requested by the login. Client with IP address '103.6.158.37' is not allowed to access the server.  To enable access, use the Windows Azure Management Portal or run sp_set_firewall_rule on the master database to create a firewall rule for this IP address or address range.  It may take up to five minutes for this change to take effect.
   at System.Data.SqlClient.SqlInternalConnectionTds..ctor(DbConnectionPoolIdentity identity, SqlConnectionString connectionOptions, SqlCredential credential, Object providerInfo, String newPassword, SecureString newSecurePassword, Boolean redirectedUserInstance, SqlConnectionString userConnectionOptions, SessionData reconnectSessionData, DbConnectionPool pool, String accessToken, Boolean applyTransientFaultHandling, SqlAuthenticationProviderManager sqlAuthProviderManager)
   at System.Data.SqlClient.SqlConnectionFactory.CreateConnection(DbConnectionOptions options, DbConnectionPoolKey poolKey, Object poolGroupProviderInfo, DbConnectionPool pool, DbConnection owningConnection, DbConnectionOptions userOptions)
   at System.Data.ProviderBase.DbConnectionFactory.CreatePooledConnection(DbConnectionPool pool, DbConnection owningObject, DbConnectionOptions options, DbConnectionPoolKey poolKey, DbConnectionOptions userOptions)
   at System.Data.ProviderBase.DbConnectionPool.CreateObject(DbConnection owningObject, DbConnectionOptions userOptions, DbConnectionInternal oldConnection)
   at System.Data.ProviderBase.DbConnectionPool.UserCreateRequest(DbConnection owningObject, DbConnectionOptions userOptions, DbConnectionInternal oldConnection)
   at System.Data.ProviderBase.DbConnectionPool.TryGetConnection(DbConnection owningObject, UInt32 waitForMultipleObjectsTimeout, Boolean allowCreate, Boolean onlyOneCheckConnection, DbConnectionOptions userOptions, DbConnectionInternal& connection)
   at System.Data.ProviderBase.DbConnectionPool.TryGetConnection(DbConnection owningObject, TaskCompletionSource`1 retry, DbConnectionOptions userOptions, DbConnectionInternal& connection)
   at System.Data.ProviderBase.DbConnectionFactory.TryGetConnection(DbConnection owningConnection, TaskCompletionSource`1 retry, DbConnectionOptions userOptions, DbConnectionInternal oldConnection, DbConnectionInternal& connection)
   at System.Data.ProviderBase.DbConnectionInternal.TryOpenConnectionInternal(DbConnection outerConnection, DbConnectionFactory connectionFactory, TaskCompletionSource`1 retry, DbConnectionOptions userOptions)
   at System.Data.ProviderBase.DbConnectionClosed.TryOpenConnection(DbConnection outerConnection, DbConnectionFactory connectionFactory, TaskCompletionSource`1 retry, DbConnectionOptions userOptions)
   at System.Data.SqlClient.SqlConnection.TryOpenInner(TaskCompletionSource`1 retry)
   at System.Data.SqlClient.SqlConnection.TryOpen(TaskCompletionSource`1 retry)
   at System.Data.SqlClient.SqlConnection.Open()
   at System.Data.Common.DbDataAdapter.FillInternal(DataSet dataset, DataTable[] datatables, Int32 startRecord, Int32 maxRecords, String srcTable, IDbCommand command, CommandBehavior behavior)
   at System.Data.Common.DbDataAdapter.Fill(DataSet dataSet, Int32 startRecord, Int32 maxRecords, String srcTable, IDbCommand command, CommandBehavior behavior)
   at System.Data.Common.DbDataAdapter.Fill(DataSet dataSet)
   at DAL.FilterPanelRepository.GetModuleSelection(Int32 UserId) in D:\Mondelez\Mondelez\trunk\MondelezDashboard\DAL\DALRepository\FilterPanelRepository.cs:line 76
ClientConnectionId:93866e30-88b8-4815-ad1c-6334210a567d
Error Number:40615,State:1,Class:14
2023-03-15 19:22:46,104 [36] DEBUG  Application (null) (null) - [USP_mdlz_filter] ''
2023-03-15 19:22:47,208 [36] ERROR  Application (null) (null) - System.Data.SqlClient.SqlException (0x80131904): Cannot open server 'uat-ep-ne-sql01' requested by the login. Client with IP address '103.6.158.37' is not allowed to access the server.  To enable access, use the Windows Azure Management Portal or run sp_set_firewall_rule on the master database to create a firewall rule for this IP address or address range.  It may take up to five minutes for this change to take effect.
   at System.Data.SqlClient.SqlInternalConnectionTds..ctor(DbConnectionPoolIdentity identity, SqlConnectionString connectionOptions, SqlCredential credential, Object providerInfo, String newPassword, SecureString newSecurePassword, Boolean redirectedUserInstance, SqlConnectionString userConnectionOptions, SessionData reconnectSessionData, DbConnectionPool pool, String accessToken, Boolean applyTransientFaultHandling, SqlAuthenticationProviderManager sqlAuthProviderManager)
   at System.Data.SqlClient.SqlConnectionFactory.CreateConnection(DbConnectionOptions options, DbConnectionPoolKey poolKey, Object poolGroupProviderInfo, DbConnectionPool pool, DbConnection owningConnection, DbConnectionOptions userOptions)
   at System.Data.ProviderBase.DbConnectionFactory.CreatePooledConnection(DbConnectionPool pool, DbConnection owningObject, DbConnectionOptions options, DbConnectionPoolKey poolKey, DbConnectionOptions userOptions)
   at System.Data.ProviderBase.DbConnectionPool.CreateObject(DbConnection owningObject, DbConnectionOptions userOptions, DbConnectionInternal oldConnection)
   at System.Data.ProviderBase.DbConnectionPool.UserCreateRequest(DbConnection owningObject, DbConnectionOptions userOptions, DbConnectionInternal oldConnection)
   at System.Data.ProviderBase.DbConnectionPool.TryGetConnection(DbConnection owningObject, UInt32 waitForMultipleObjectsTimeout, Boolean allowCreate, Boolean onlyOneCheckConnection, DbConnectionOptions userOptions, DbConnectionInternal& connection)
   at System.Data.ProviderBase.DbConnectionPool.TryGetConnection(DbConnection owningObject, TaskCompletionSource`1 retry, DbConnectionOptions userOptions, DbConnectionInternal& connection)
   at System.Data.ProviderBase.DbConnectionFactory.TryGetConnection(DbConnection owningConnection, TaskCompletionSource`1 retry, DbConnectionOptions userOptions, DbConnectionInternal oldConnection, DbConnectionInternal& connection)
   at System.Data.ProviderBase.DbConnectionInternal.TryOpenConnectionInternal(DbConnection outerConnection, DbConnectionFactory connectionFactory, TaskCompletionSource`1 retry, DbConnectionOptions userOptions)
   at System.Data.ProviderBase.DbConnectionClosed.TryOpenConnection(DbConnection outerConnection, DbConnectionFactory connectionFactory, TaskCompletionSource`1 retry, DbConnectionOptions userOptions)
   at System.Data.SqlClient.SqlConnection.TryOpenInner(TaskCompletionSource`1 retry)
   at System.Data.SqlClient.SqlConnection.TryOpen(TaskCompletionSource`1 retry)
   at System.Data.SqlClient.SqlConnection.Open()
   at System.Data.Common.DbDataAdapter.FillInternal(DataSet dataset, DataTable[] datatables, Int32 startRecord, Int32 maxRecords, String srcTable, IDbCommand command, CommandBehavior behavior)
   at System.Data.Common.DbDataAdapter.Fill(DataSet dataSet, Int32 startRecord, Int32 maxRecords, String srcTable, IDbCommand command, CommandBehavior behavior)
   at System.Data.Common.DbDataAdapter.Fill(DataSet dataSet)
   at DAL.FilterPanelRepository.GetFilterPanalData(String ModuleId) in D:\Mondelez\Mondelez\trunk\MondelezDashboard\DAL\DALRepository\FilterPanelRepository.cs:line 43
ClientConnectionId:3ac18a87-eec9-4c04-a6d2-6beabb2814b8
Error Number:40615,State:1,Class:14
2023-03-15 19:22:47,261 [36] ERROR  Application (null) (null) - System.IndexOutOfRangeException: Cannot find table 0.
   at System.Data.DataTableCollection.get_Item(Int32 index)
   at BAL.FilterPanel.FilterPanalData(Int32 UserId) in D:\Mondelez\Mondelez\trunk\MondelezDashboard\BAL\BALRepository\FilterPanel.cs:line 67
