2023-03-28 11:56:52,958 [1] DEBUG  Application (null) (null) - Application Started
2023-03-28 11:56:55,288 [9] DEBUG  Application (null) (null) - Home Index Accessed, Param null
2023-03-28 11:56:55,348 [9] DEBUG  Application (null) (null) - request Is redirected to : http://192.168.0.72:8082
2023-03-28 11:56:55,589 [11] DEBUG  Application (null) (null) - LocalLogin Action Accessed
2023-03-28 11:57:11,402 [9] DEBUG  Application (null) (null) - [USP_MDLZ_Check_local_User] 'Revathi.k@aqinsights.com'
2023-03-28 11:57:19,041 [9] ERROR  Application (null) (null) - System.Data.SqlClient.SqlException (0x80131904): Cannot open server 'uat-ep-ne-sql01' requested by the login. Client with IP address '27.61.95.78' is not allowed to access the server.  To enable access, use the Windows Azure Management Portal or run sp_set_firewall_rule on the master database to create a firewall rule for this IP address or address range.  It may take up to five minutes for this change to take effect.
   at System.Data.SqlClient.SqlInternalConnectionTds..ctor(DbConnectionPoolIdentity identity, SqlConnectionString connectionOptions, SqlCredential credential, Object providerInfo, String newPassword, SecureString newSecurePassword, Boolean redirectedUserInstance, SqlConnectionString userConnectionOptions, SessionData reconnectSessionData, DbConnectionPool pool, String accessToken, Boolean applyTransientFaultHandling, SqlAuthenticationProviderManager sqlAuthProviderManager)
   at System.Data.SqlClient.SqlConnectionFactory.CreateConnection(DbConnectionOptions options, DbConnectionPoolKey poolKey, Object poolGroupProviderInfo, DbConnectionPool pool, DbConnection owningConnection, DbConnectionOptions userOptions)
   at System.Data.ProviderBase.DbConnectionFactory.CreatePooledConnection(DbConnectionPool pool, DbConnection owningObject, DbConnectionOptions options, DbConnectionPoolKey poolKey, DbConnectionOptions userOptions)
   at System.Data.ProviderBase.DbConnectionPool.CreateObject(DbConnection owningObject, DbConnectionOptions userOptions, DbConnectionInternal oldConnection)
   at System.Data.ProviderBase.DbConnectionPool.UserCreateRequest(DbConnection owningObject, DbConnectionOptions userOptions, DbConnectionInternal oldConnection)
   at System.Data.ProviderBase.DbConnectionPool.TryGetConnection(DbConnection owningObject, UInt32 waitForMultipleObjectsTimeout, Boolean allowCreate, Boolean onlyOneCheckConnection, DbConnectionOptions userOptions, DbConnectionInternal& connection)
   at System.Data.ProviderBase.DbConnectionPool.TryGetConnection(DbConnection owningObject, TaskCompletionSource`1 retry, DbConnectionOptions userOptions, DbConnectionInternal& connection)
   at System.Data.ProviderBase.DbConnectionFactory.TryGetConnection(DbConnection owningConnection, TaskCompletionSource`1 retry, DbConnectionOptions userOptions, DbConnectionInternal oldConnection, DbConnectionInternal& connection)
   at System.Data.ProviderBase.DbConnectionInternal.TryOpenConnectionInternal(DbConnection outerConnection, DbConnectionFactory connectionFactory, TaskCompletionSource`1 retry, DbConnectionOptions userOptions)
   at System.Data.ProviderBase.DbConnectionClosed.TryOpenConnection(DbConnection outerConnection, DbConnectionFactory connectionFactory, TaskCompletionSource`1 retry, DbConnectionOptions userOptions)
   at System.Data.SqlClient.SqlConnection.TryOpenInner(TaskCompletionSource`1 retry)
   at System.Data.SqlClient.SqlConnection.TryOpen(TaskCompletionSource`1 retry)
   at System.Data.SqlClient.SqlConnection.Open()
   at DAL.DALRepository.LoginRepository.CheckUser(LoginRequest request) in D:\Mondelez\Mondelez\trunk\MondelezDashboard\DAL\DALRepository\LoginRepository.cs:line 75
   at BAL.BALRepository.Login.CheckUser(LoginRequest request) in D:\Mondelez\Mondelez\trunk\MondelezDashboard\BAL\BALRepository\Login.cs:line 26
   at MondelezDashboard.Controllers.API.LoginController.CheckUser(LoginRequest request) in D:\Mondelez\Mondelez\trunk\MondelezDashboard\MondelezDashboard\Controllers\API\LoginController.cs:line 29
   at lambda_method(Closure , Object , Object[] )
   at System.Web.Http.Controllers.ReflectedHttpActionDescriptor.ActionExecutor.<>c__DisplayClass10.<GetExecutor>b__9(Object instance, Object[] methodParameters)
   at System.Web.Http.Controllers.ReflectedHttpActionDescriptor.ActionExecutor.Execute(Object instance, Object[] arguments)
   at System.Web.Http.Controllers.ReflectedHttpActionDescriptor.ExecuteAsync(HttpControllerContext controllerContext, IDictionary`2 arguments, CancellationToken cancellationToken)
--- End of stack trace from previous location where exception was thrown ---
   at System.Runtime.CompilerServices.TaskAwaiter.ThrowForNonSuccess(Task task)
   at System.Runtime.CompilerServices.TaskAwaiter.HandleNonSuccessAndDebuggerNotification(Task task)
   at System.Web.Http.Controllers.ApiControllerActionInvoker.<InvokeActionAsyncCore>d__0.MoveNext()
--- End of stack trace from previous location where exception was thrown ---
   at System.Runtime.CompilerServices.TaskAwaiter.ThrowForNonSuccess(Task task)
   at System.Runtime.CompilerServices.TaskAwaiter.HandleNonSuccessAndDebuggerNotification(Task task)
   at System.Web.Http.Controllers.ActionFilterResult.<ExecuteAsync>d__2.MoveNext()
--- End of stack trace from previous location where exception was thrown ---
   at System.Runtime.CompilerServices.TaskAwaiter.ThrowForNonSuccess(Task task)
   at System.Runtime.CompilerServices.TaskAwaiter.HandleNonSuccessAndDebuggerNotification(Task task)
   at System.Web.Http.Controllers.ExceptionFilterResult.<ExecuteAsync>d__0.MoveNext()
ClientConnectionId:15334244-b21a-485b-8847-575bac22f7da
Error Number:40615,State:1,Class:14
2023-03-28 11:57:53,667 [11] DEBUG  Application (null) (null) - [USP_MDLZ_Check_local_User] 'Revathi.k@aqinsights.com'
2023-03-28 11:57:56,312 [11] DEBUG  Application (null) (null) - Home Index Accessed, Param null
2023-03-28 11:57:56,415 [11] DEBUG  Application (null) (null) - User Is already Validated : revathi.k@aqinsights.com
2023-03-28 11:58:04,458 [9] DEBUG  Application (null) (null) - FilterPanel API initiated by User revathi.k@aqinsights.com
2023-03-28 11:58:04,624 [9] DEBUG  Application (null) (null) - [USP_mdlz_dataexplorer_GetLatestSelection] '7','154','','0'
2023-03-28 11:58:04,937 [9] DEBUG  Application (null) (null) - [USP_mdlz_dataexplorer_output] '4','2|3|94','-1001|5131|5134','5|8|11','','1','Demographics','','','',''
2023-03-28 11:58:05,579 [9] DEBUG  Application (null) (null) - FilterPanel API initiated by User revathi.k@aqinsights.com
2023-03-28 11:58:05,607 [9] DEBUG  Application (null) (null) - [USP_mdlz_filter_Dataexplorer_MarketCategory] ''
2023-03-28 11:58:05,924 [10] DEBUG  Application (null) (null) - FilterPanel API initiated by User revathi.k@aqinsights.com
2023-03-28 11:58:05,961 [10] DEBUG  Application (null) (null) - [USP_mdlz_filter_Dataexplorer_DependentOnMarketCategory] '4','2|3|94','Demographics'
2023-03-28 12:00:05,542 [10] DEBUG  Application (null) (null) - FilterPanel API initiated by User revathi.k@aqinsights.com
2023-03-28 12:00:05,560 [10] DEBUG  Application (null) (null) - [USP_mdlz_dataexplorer_output] '4','2|3|94','-1001','5|8|11','','1','Demographics','','','',''
2023-03-28 12:01:04,957 [11] DEBUG  Application (null) (null) - FilterPanel API initiated by User revathi.k@aqinsights.com
2023-03-28 12:01:04,961 [11] DEBUG  Application (null) (null) - [USP_mdlz_filter_Dataexplorer_DependentOnMarketCategory] '4','94','Demographics'
2023-03-28 12:01:11,600 [9] DEBUG  Application (null) (null) - FilterPanel API initiated by User revathi.k@aqinsights.com
2023-03-28 12:01:11,606 [9] DEBUG  Application (null) (null) - [USP_mdlz_filter_Dataexplorer_DependentOnMarketCategory] '4','1|3|94','Demographics'
2023-03-28 12:01:18,997 [9] DEBUG  Application (null) (null) - FilterPanel API initiated by User revathi.k@aqinsights.com
2023-03-28 12:01:19,000 [9] DEBUG  Application (null) (null) - [USP_mdlz_dataexplorer_output] '4','1|3|94','-1001','5|8|11','','1','Demographics','','','',''
2023-03-28 12:07:15,163 [19] DEBUG  Application (null) (null) - FilterPanel API initiated by User revathi.k@aqinsights.com
2023-03-28 12:07:15,177 [19] DEBUG  Application (null) (null) - [USP_mdlz_dataexplorer_output] '4','1|3|94','-1001','5|8|11','','1','Demographics','','','',''
2023-03-28 12:12:01,316 [28] DEBUG  Application (null) (null) - Home Index Accessed, Param null
2023-03-28 12:12:01,327 [28] DEBUG  Application (null) (null) - User Is already Validated : revathi.k@aqinsights.com
2023-03-28 12:12:05,331 [28] DEBUG  Application (null) (null) - FilterPanel API initiated by User revathi.k@aqinsights.com
2023-03-28 12:12:05,337 [28] DEBUG  Application (null) (null) - [USP_mdlz_dataexplorer_GetLatestSelection] '7','154','','0'
2023-03-28 12:12:05,583 [28] DEBUG  Application (null) (null) - [USP_mdlz_dataexplorer_output] '4','1|3|94','-1001','5|8|11','','1','Demographics','','','',''
2023-03-28 12:12:06,119 [31] DEBUG  Application (null) (null) - FilterPanel API initiated by User revathi.k@aqinsights.com
2023-03-28 12:12:06,124 [31] DEBUG  Application (null) (null) - [USP_mdlz_filter_Dataexplorer_MarketCategory] ''
2023-03-28 12:12:06,402 [30] DEBUG  Application (null) (null) - FilterPanel API initiated by User revathi.k@aqinsights.com
2023-03-28 12:12:06,408 [30] DEBUG  Application (null) (null) - [USP_mdlz_filter_Dataexplorer_DependentOnMarketCategory] '4','1|3|94','Demographics'
2023-03-28 12:14:33,797 [28] DEBUG  Application (null) (null) - Home Index Accessed, Param null
2023-03-28 12:14:33,816 [28] DEBUG  Application (null) (null) - User Is already Validated : revathi.k@aqinsights.com
2023-03-28 12:14:44,221 [28] DEBUG  Application (null) (null) - FilterPanel API initiated by User revathi.k@aqinsights.com
2023-03-28 12:14:44,244 [28] DEBUG  Application (null) (null) - [USP_mdlz_dataexplorer_GetLatestSelection] '7','154','','0'
2023-03-28 12:14:44,572 [28] DEBUG  Application (null) (null) - [USP_mdlz_dataexplorer_output] '4','1|3|94','-1001','5|8|11','','1','Demographics','','','',''
2023-03-28 12:14:45,749 [28] DEBUG  Application (null) (null) - FilterPanel API initiated by User revathi.k@aqinsights.com
2023-03-28 12:14:45,768 [28] DEBUG  Application (null) (null) - [USP_mdlz_filter_Dataexplorer_MarketCategory] ''
2023-03-28 12:14:46,252 [28] DEBUG  Application (null) (null) - FilterPanel API initiated by User revathi.k@aqinsights.com
2023-03-28 12:14:46,260 [28] DEBUG  Application (null) (null) - [USP_mdlz_filter_Dataexplorer_DependentOnMarketCategory] '4','1|3|94','Demographics'
2023-03-28 12:14:57,756 [28] DEBUG  Application (null) (null) - Home Index Accessed, Param null
2023-03-28 12:14:57,764 [28] DEBUG  Application (null) (null) - User Is already Validated : revathi.k@aqinsights.com
2023-03-28 12:15:00,300 [34] DEBUG  Application (null) (null) - FilterPanel API initiated by User revathi.k@aqinsights.com
2023-03-28 12:15:00,303 [34] DEBUG  Application (null) (null) - [USP_mdlz_dataexplorer_GetLatestSelection] '7','154','','0'
2023-03-28 12:15:00,552 [34] DEBUG  Application (null) (null) - [USP_mdlz_dataexplorer_output] '4','1|3|94','-1001','5|8|11','','1','Demographics','','','',''
2023-03-28 12:15:01,298 [28] DEBUG  Application (null) (null) - FilterPanel API initiated by User revathi.k@aqinsights.com
2023-03-28 12:15:01,303 [28] DEBUG  Application (null) (null) - [USP_mdlz_filter_Dataexplorer_MarketCategory] ''
2023-03-28 12:15:01,573 [28] DEBUG  Application (null) (null) - FilterPanel API initiated by User revathi.k@aqinsights.com
2023-03-28 12:15:01,580 [28] DEBUG  Application (null) (null) - [USP_mdlz_filter_Dataexplorer_DependentOnMarketCategory] '4','1|3|94','Demographics'
2023-03-28 12:15:26,176 [30] DEBUG  Application (null) (null) - Home Index Accessed, Param null
2023-03-28 12:15:26,182 [30] DEBUG  Application (null) (null) - User Is already Validated : revathi.k@aqinsights.com
2023-03-28 12:15:28,030 [28] DEBUG  Application (null) (null) - FilterPanel API initiated by User revathi.k@aqinsights.com
2023-03-28 12:15:28,037 [28] DEBUG  Application (null) (null) - [USP_mdlz_dataexplorer_GetLatestSelection] '7','154','','0'
2023-03-28 12:15:28,296 [28] DEBUG  Application (null) (null) - [USP_mdlz_dataexplorer_output] '4','1|3|94','-1001','5|8|11','','1','Demographics','','','',''
2023-03-28 12:15:28,975 [30] DEBUG  Application (null) (null) - FilterPanel API initiated by User revathi.k@aqinsights.com
2023-03-28 12:15:28,981 [30] DEBUG  Application (null) (null) - [USP_mdlz_filter_Dataexplorer_MarketCategory] ''
2023-03-28 12:15:29,334 [28] DEBUG  Application (null) (null) - FilterPanel API initiated by User revathi.k@aqinsights.com
2023-03-28 12:15:29,339 [28] DEBUG  Application (null) (null) - [USP_mdlz_filter_Dataexplorer_DependentOnMarketCategory] '4','1|3|94','Demographics'
2023-03-28 12:28:02,846 [55] DEBUG  Application (null) (null) - Home Index Accessed, Param null
2023-03-28 12:28:02,855 [55] DEBUG  Application (null) (null) - User Is already Validated : revathi.k@aqinsights.com
2023-03-28 12:28:09,682 [50] DEBUG  Application (null) (null) - FilterPanel API initiated by User revathi.k@aqinsights.com
2023-03-28 12:28:09,691 [50] DEBUG  Application (null) (null) - [USP_mdlz_dataexplorer_GetLatestSelection] '7','154','','0'
2023-03-28 12:28:11,523 [50] DEBUG  Application (null) (null) - [USP_mdlz_dataexplorer_output] '4','1|3|94','-1001','5|8|11','','1','Demographics','','','',''
2023-03-28 12:28:26,351 [51] DEBUG  Application (null) (null) - FilterPanel API initiated by User revathi.k@aqinsights.com
2023-03-28 12:28:26,453 [51] DEBUG  Application (null) (null) - [USP_mdlz_filter_Dataexplorer_MarketCategory] ''
2023-03-28 12:28:27,098 [52] DEBUG  Application (null) (null) - FilterPanel API initiated by User revathi.k@aqinsights.com
2023-03-28 12:28:27,144 [52] DEBUG  Application (null) (null) - [USP_mdlz_filter_Dataexplorer_DependentOnMarketCategory] '4','1|3|94','Demographics'
2023-03-28 12:29:10,712 [51] DEBUG  Application (null) (null) - Home Index Accessed, Param null
2023-03-28 12:29:10,718 [51] DEBUG  Application (null) (null) - User Is already Validated : revathi.k@aqinsights.com
2023-03-28 12:29:12,131 [50] DEBUG  Application (null) (null) - FilterPanel API initiated by User revathi.k@aqinsights.com
2023-03-28 12:29:12,136 [50] DEBUG  Application (null) (null) - [USP_mdlz_dataexplorer_GetLatestSelection] '7','154','','0'
2023-03-28 12:29:12,389 [50] DEBUG  Application (null) (null) - [USP_mdlz_dataexplorer_output] '4','1|3|94','-1001','5|8|11','','1','Demographics','','','',''
2023-03-28 12:29:23,671 [55] DEBUG  Application (null) (null) - FilterPanel API initiated by User revathi.k@aqinsights.com
2023-03-28 12:29:23,675 [55] DEBUG  Application (null) (null) - [USP_mdlz_filter_Dataexplorer_MarketCategory] ''
2023-03-28 12:29:23,925 [57] DEBUG  Application (null) (null) - FilterPanel API initiated by User revathi.k@aqinsights.com
2023-03-28 12:29:23,929 [57] DEBUG  Application (null) (null) - [USP_mdlz_filter_Dataexplorer_DependentOnMarketCategory] '4','1|3|94','Demographics'
2023-03-28 12:38:58,474 [58] DEBUG  Application (null) (null) - Home Index Accessed, Param null
2023-03-28 12:38:58,484 [58] DEBUG  Application (null) (null) - User Is already Validated : revathi.k@aqinsights.com
2023-03-28 12:39:02,364 [48] DEBUG  Application (null) (null) - FilterPanel API initiated by User revathi.k@aqinsights.com
2023-03-28 12:39:02,377 [48] DEBUG  Application (null) (null) - [USP_mdlz_dataexplorer_GetLatestSelection] '7','154','','0'
2023-03-28 12:39:04,088 [48] DEBUG  Application (null) (null) - [USP_mdlz_dataexplorer_output] '4','1|3|94','-1001','5|8|11','','1','Demographics','','','',''
2023-03-28 12:39:04,558 [58] DEBUG  Application (null) (null) - FilterPanel API initiated by User revathi.k@aqinsights.com
2023-03-28 12:39:04,565 [58] DEBUG  Application (null) (null) - [USP_mdlz_filter_Dataexplorer_MarketCategory] ''
2023-03-28 12:39:04,839 [37] DEBUG  Application (null) (null) - FilterPanel API initiated by User revathi.k@aqinsights.com
2023-03-28 12:39:04,847 [37] DEBUG  Application (null) (null) - [USP_mdlz_filter_Dataexplorer_DependentOnMarketCategory] '4','1|3|94','Demographics'
2023-03-28 12:39:12,037 [42] DEBUG  Application (null) (null) - FilterPanel API initiated by User revathi.k@aqinsights.com
2023-03-28 12:39:12,045 [42] DEBUG  Application (null) (null) - [USP_mdlz_dataexplorer_output] '4','1|3|94','-1001','5|8|11','','1','Demographics','','','',''
2023-03-28 12:43:30,005 [48] DEBUG  Application (null) (null) - Home Index Accessed, Param null
2023-03-28 12:43:30,013 [48] DEBUG  Application (null) (null) - User Is already Validated : revathi.k@aqinsights.com
2023-03-28 12:43:32,317 [44] DEBUG  Application (null) (null) - FilterPanel API initiated by User revathi.k@aqinsights.com
2023-03-28 12:43:32,325 [44] DEBUG  Application (null) (null) - [USP_mdlz_dataexplorer_GetLatestSelection] '7','154','','0'
2023-03-28 12:43:32,590 [44] DEBUG  Application (null) (null) - [USP_mdlz_dataexplorer_output] '4','1|3|94','-1001','5|8|11','','1','Demographics','','','',''
2023-03-28 12:43:33,165 [47] DEBUG  Application (null) (null) - FilterPanel API initiated by User revathi.k@aqinsights.com
2023-03-28 12:43:33,170 [47] DEBUG  Application (null) (null) - [USP_mdlz_filter_Dataexplorer_MarketCategory] ''
2023-03-28 12:43:33,430 [48] DEBUG  Application (null) (null) - FilterPanel API initiated by User revathi.k@aqinsights.com
2023-03-28 12:43:33,436 [48] DEBUG  Application (null) (null) - [USP_mdlz_filter_Dataexplorer_DependentOnMarketCategory] '4','1|3|94','Demographics'
2023-03-28 12:46:54,036 [48] DEBUG  Application (null) (null) - Home Index Accessed, Param null
2023-03-28 12:46:54,043 [48] DEBUG  Application (null) (null) - User Is already Validated : revathi.k@aqinsights.com
2023-03-28 12:46:55,769 [44] DEBUG  Application (null) (null) - FilterPanel API initiated by User revathi.k@aqinsights.com
2023-03-28 12:46:55,775 [44] DEBUG  Application (null) (null) - [USP_mdlz_dataexplorer_GetLatestSelection] '7','154','','0'
2023-03-28 12:46:56,043 [44] DEBUG  Application (null) (null) - [USP_mdlz_dataexplorer_output] '4','1|3|94','-1001','5|8|11','','1','Demographics','','','',''
2023-03-28 12:46:57,368 [39] DEBUG  Application (null) (null) - FilterPanel API initiated by User revathi.k@aqinsights.com
2023-03-28 12:46:57,372 [39] DEBUG  Application (null) (null) - [USP_mdlz_filter_Dataexplorer_MarketCategory] ''
2023-03-28 12:46:57,635 [44] DEBUG  Application (null) (null) - FilterPanel API initiated by User revathi.k@aqinsights.com
2023-03-28 12:46:57,642 [44] DEBUG  Application (null) (null) - [USP_mdlz_filter_Dataexplorer_DependentOnMarketCategory] '4','1|3|94','Demographics'
2023-03-28 12:47:50,508 [48] DEBUG  Application (null) (null) - Home Index Accessed, Param null
2023-03-28 12:47:50,515 [48] DEBUG  Application (null) (null) - User Is already Validated : revathi.k@aqinsights.com
2023-03-28 12:47:51,868 [36] DEBUG  Application (null) (null) - FilterPanel API initiated by User revathi.k@aqinsights.com
2023-03-28 12:47:51,873 [36] DEBUG  Application (null) (null) - [USP_mdlz_dataexplorer_GetLatestSelection] '7','154','','0'
2023-03-28 12:47:52,124 [36] DEBUG  Application (null) (null) - [USP_mdlz_dataexplorer_output] '4','1|3|94','-1001','5|8|11','','1','Demographics','','','',''
2023-03-28 12:47:52,517 [39] DEBUG  Application (null) (null) - FilterPanel API initiated by User revathi.k@aqinsights.com
2023-03-28 12:47:52,521 [39] DEBUG  Application (null) (null) - [USP_mdlz_filter_Dataexplorer_MarketCategory] ''
2023-03-28 12:47:52,793 [31] DEBUG  Application (null) (null) - FilterPanel API initiated by User revathi.k@aqinsights.com
2023-03-28 12:47:52,801 [31] DEBUG  Application (null) (null) - [USP_mdlz_filter_Dataexplorer_DependentOnMarketCategory] '4','1|3|94','Demographics'
2023-03-28 13:36:00,870 [1] DEBUG  Application (null) (null) - Application Started
2023-03-28 13:36:03,522 [12] DEBUG  Application (null) (null) - Home Index Accessed, Param null
2023-03-28 13:36:03,586 [12] DEBUG  Application (null) (null) - request Is redirected to : http://192.168.0.72:8082
2023-03-28 13:36:03,725 [14] DEBUG  Application (null) (null) - LocalLogin Action Accessed
2023-03-28 13:36:17,312 [12] DEBUG  Application (null) (null) - [USP_MDLZ_Check_local_User] 'Revathi.k@aqinsights.com'
2023-03-28 13:36:20,381 [13] DEBUG  Application (null) (null) - Home Index Accessed, Param null
2023-03-28 13:36:20,394 [13] DEBUG  Application (null) (null) - User Is already Validated : revathi.k@aqinsights.com
2023-03-28 13:36:26,750 [12] DEBUG  Application (null) (null) - FilterPanel API initiated by User revathi.k@aqinsights.com
2023-03-28 13:36:26,878 [12] DEBUG  Application (null) (null) - [USP_mdlz_dataexplorer_GetLatestSelection] '7','154','','0'
2023-03-28 13:36:27,188 [12] DEBUG  Application (null) (null) - [USP_mdlz_dataexplorer_output] '4','1|3|94','-1001','5','','1','Demographics','','','',''
2023-03-28 13:36:27,662 [14] DEBUG  Application (null) (null) - FilterPanel API initiated by User revathi.k@aqinsights.com
2023-03-28 13:36:27,676 [14] DEBUG  Application (null) (null) - [USP_mdlz_filter_Dataexplorer_MarketCategory] ''
2023-03-28 13:36:28,006 [12] DEBUG  Application (null) (null) - FilterPanel API initiated by User revathi.k@aqinsights.com
2023-03-28 13:36:28,077 [12] DEBUG  Application (null) (null) - [USP_mdlz_filter_Dataexplorer_DependentOnMarketCategory] '4','1|3|94','Demographics'
2023-03-28 13:39:37,726 [13] DEBUG  Application (null) (null) - FilterPanel API initiated by User revathi.k@aqinsights.com
2023-03-28 13:39:37,745 [13] DEBUG  Application (null) (null) - [USP_mdlz_dataexplorer_output] '4','1|3|94','-1001','5|8|11','','1','Demographics','','','',''
2023-03-28 13:41:38,954 [16] DEBUG  Application (null) (null) - Home Index Accessed, Param null
2023-03-28 13:41:38,961 [16] DEBUG  Application (null) (null) - User Is already Validated : revathi.k@aqinsights.com
2023-03-28 13:41:40,840 [5] DEBUG  Application (null) (null) - FilterPanel API initiated by User revathi.k@aqinsights.com
2023-03-28 13:41:40,845 [5] DEBUG  Application (null) (null) - [USP_mdlz_dataexplorer_GetLatestSelection] '7','154','','0'
2023-03-28 13:41:41,097 [5] DEBUG  Application (null) (null) - [USP_mdlz_dataexplorer_output] '4','1|3|94','-1001','5|8|11','','1','Demographics','','','',''
2023-03-28 13:41:41,556 [13] DEBUG  Application (null) (null) - FilterPanel API initiated by User revathi.k@aqinsights.com
2023-03-28 13:41:41,562 [13] DEBUG  Application (null) (null) - [USP_mdlz_filter_Dataexplorer_MarketCategory] ''
2023-03-28 13:41:41,830 [18] DEBUG  Application (null) (null) - FilterPanel API initiated by User revathi.k@aqinsights.com
2023-03-28 13:41:41,836 [18] DEBUG  Application (null) (null) - [USP_mdlz_filter_Dataexplorer_DependentOnMarketCategory] '4','1|3|94','Demographics'
2023-03-28 13:57:36,881 [42] DEBUG  Application (null) (null) - Home Index Accessed, Param null
2023-03-28 13:57:36,891 [42] DEBUG  Application (null) (null) - User Is already Validated : revathi.k@aqinsights.com
2023-03-28 13:57:41,090 [45] DEBUG  Application (null) (null) - FilterPanel API initiated by User revathi.k@aqinsights.com
2023-03-28 13:57:41,107 [45] DEBUG  Application (null) (null) - [USP_mdlz_dataexplorer_GetLatestSelection] '7','154','','0'
2023-03-28 13:57:42,973 [45] DEBUG  Application (null) (null) - [USP_mdlz_dataexplorer_output] '4','1|3|94','-1001','5','','','Segment','','','',''
2023-03-28 13:57:43,330 [45] DEBUG  Application (null) (null) - FilterPanel API initiated by User revathi.k@aqinsights.com
2023-03-28 13:57:43,336 [45] DEBUG  Application (null) (null) - [USP_mdlz_filter_Dataexplorer_MarketCategory] ''
2023-03-28 13:57:43,629 [48] DEBUG  Application (null) (null) - FilterPanel API initiated by User revathi.k@aqinsights.com
2023-03-28 13:57:43,642 [48] DEBUG  Application (null) (null) - [USP_mdlz_filter_Dataexplorer_DependentOnMarketCategory] '4','1|3|94','Segment'
2023-03-28 13:59:52,885 [1] DEBUG  Application (null) (null) - Application Started
2023-03-28 13:59:56,358 [11] DEBUG  Application (null) (null) - Home Index Accessed, Param null
2023-03-28 13:59:56,400 [11] DEBUG  Application (null) (null) - request Is redirected to : http://192.168.0.72:8082
2023-03-28 13:59:56,494 [13] DEBUG  Application (null) (null) - LocalLogin Action Accessed
2023-03-28 14:00:09,941 [11] DEBUG  Application (null) (null) - [USP_MDLZ_Check_local_User] 'Revathi.k@aqinsights.com'
2023-03-28 14:00:12,061 [13] DEBUG  Application (null) (null) - Home Index Accessed, Param null
2023-03-28 14:00:12,076 [13] DEBUG  Application (null) (null) - User Is already Validated : revathi.k@aqinsights.com
2023-03-28 14:00:22,599 [11] DEBUG  Application (null) (null) - FilterPanel API initiated by User revathi.k@aqinsights.com
2023-03-28 14:00:22,622 [11] DEBUG  Application (null) (null) - [USP_mdlz_dataexplorer_GetLatestSelection] '7','154','','0'
2023-03-28 14:00:22,937 [11] DEBUG  Application (null) (null) - [USP_mdlz_dataexplorer_output] '4','1|3|94','-1001','5','','','Segment','','','',''
2023-03-28 14:00:23,339 [13] DEBUG  Application (null) (null) - FilterPanel API initiated by User revathi.k@aqinsights.com
2023-03-28 14:00:23,349 [13] DEBUG  Application (null) (null) - [USP_mdlz_filter_Dataexplorer_MarketCategory] ''
2023-03-28 14:00:23,691 [13] DEBUG  Application (null) (null) - FilterPanel API initiated by User revathi.k@aqinsights.com
2023-03-28 14:00:23,705 [13] DEBUG  Application (null) (null) - [USP_mdlz_filter_Dataexplorer_DependentOnMarketCategory] '4','1|3|94','Segment'
2023-03-28 14:04:30,848 [11] DEBUG  Application (null) (null) - Home Index Accessed, Param null
2023-03-28 14:04:30,856 [11] DEBUG  Application (null) (null) - User Is already Validated : revathi.k@aqinsights.com
2023-03-28 14:04:34,588 [11] DEBUG  Application (null) (null) - FilterPanel API initiated by User revathi.k@aqinsights.com
2023-03-28 14:04:34,616 [11] DEBUG  Application (null) (null) - [USP_mdlz_dataexplorer_GetLatestSelection] '7','154','','0'
2023-03-28 14:04:34,912 [11] DEBUG  Application (null) (null) - [USP_mdlz_dataexplorer_output] '4','1|3|94','-1001','5','','','Segment','','','',''
2023-03-28 14:04:35,528 [12] DEBUG  Application (null) (null) - FilterPanel API initiated by User revathi.k@aqinsights.com
2023-03-28 14:04:35,534 [12] DEBUG  Application (null) (null) - [USP_mdlz_filter_Dataexplorer_MarketCategory] ''
2023-03-28 14:04:35,815 [16] DEBUG  Application (null) (null) - FilterPanel API initiated by User revathi.k@aqinsights.com
2023-03-28 14:04:35,834 [16] DEBUG  Application (null) (null) - [USP_mdlz_filter_Dataexplorer_DependentOnMarketCategory] '4','1|3|94','Segment'
2023-03-28 14:04:46,600 [11] DEBUG  Application (null) (null) - FilterPanel API initiated by User revathi.k@aqinsights.com
2023-03-28 14:04:46,649 [11] DEBUG  Application (null) (null) - [USP_mdlz_dataexplorer_output] '4','1|3|94','-1001','5','','','Segment','','','',''
2023-03-28 14:05:09,831 [11] DEBUG  Application (null) (null) - FilterPanel API initiated by User revathi.k@aqinsights.com
2023-03-28 14:05:09,838 [11] DEBUG  Application (null) (null) - [USP_mdlz_dataexplorer_output] '4','1|3|94','-1001','5|8|11','','','Segment','','','',''
2023-03-28 14:05:20,463 [20] DEBUG  Application (null) (null) - FilterPanel API initiated by User revathi.k@aqinsights.com
2023-03-28 14:05:20,468 [20] DEBUG  Application (null) (null) - [USP_mdlz_dataexplorer_output] '4','1|3|94','-1001','5|8|11','','','Segment','','','',''
2023-03-28 14:05:57,554 [22] DEBUG  Application (null) (null) - FilterPanel API initiated by User revathi.k@aqinsights.com
2023-03-28 14:05:57,564 [22] DEBUG  Application (null) (null) - [USP_mdlz_filter_Dataexplorer_DependentOnMarketCategory] '4','1|3|94','Demographics'
2023-03-28 14:06:02,199 [11] DEBUG  Application (null) (null) - FilterPanel API initiated by User revathi.k@aqinsights.com
2023-03-28 14:06:02,204 [11] DEBUG  Application (null) (null) - [USP_mdlz_dataexplorer_output] '4','1|3|94','-1001','5|8|11','','1','Demographics','','','',''
2023-03-28 14:06:07,885 [16] DEBUG  Application (null) (null) - FilterPanel API initiated by User revathi.k@aqinsights.com
2023-03-28 14:06:07,892 [16] DEBUG  Application (null) (null) - [USP_mdlz_dataexplorer_output] '4','1|3|94','-1001','5|8|11','','1','Demographics','','','',''
2023-03-28 14:06:21,299 [11] DEBUG  Application (null) (null) - FilterPanel API initiated by User revathi.k@aqinsights.com
2023-03-28 14:06:21,306 [11] DEBUG  Application (null) (null) - [USP_mdlz_dataexplorer_output] '4','1|3|94','-1001','5|8|11','','1','Demographics','','','',''
2023-03-28 14:16:38,014 [42] DEBUG  Application (null) (null) - FilterPanel API initiated by User revathi.k@aqinsights.com
2023-03-28 14:16:38,040 [42] DEBUG  Application (null) (null) - [USP_mdlz_dataexplorer_output] '4','1|3|94','-1001','5|8|11','','1','Demographics','','','',''
2023-03-28 14:19:20,488 [18] DEBUG  Application (null) (null) - FilterPanel API initiated by User revathi.k@aqinsights.com
2023-03-28 14:19:20,495 [18] DEBUG  Application (null) (null) - [USP_mdlz_dataexplorer_output] '4','1|3|94','-1001','5|8|11','','1','Demographics','','','',''
2023-03-28 14:20:38,844 [42] DEBUG  Application (null) (null) - FilterPanel API initiated by User revathi.k@aqinsights.com
2023-03-28 14:20:38,852 [42] DEBUG  Application (null) (null) - [USP_mdlz_dataexplorer_output] '4','1|3|94','-1001','5|8|11','','1','Demographics','','','',''
2023-03-28 14:20:57,237 [49] DEBUG  Application (null) (null) - FilterPanel API initiated by User revathi.k@aqinsights.com
2023-03-28 14:20:57,246 [49] DEBUG  Application (null) (null) - [USP_mdlz_filter_Dataexplorer_DependentOnMarketCategory] '4','1|94|95|96|99','Demographics'
2023-03-28 14:21:10,136 [35] DEBUG  Application (null) (null) - FilterPanel API initiated by User revathi.k@aqinsights.com
2023-03-28 14:21:10,143 [35] DEBUG  Application (null) (null) - [USP_mdlz_dataexplorer_output] '4','1|94|95|96|99','-1001','5|8|11|32|50|53','','1','Demographics','','','',''
2023-03-28 14:21:30,538 [35] DEBUG  Application (null) (null) - FilterPanel API initiated by User revathi.k@aqinsights.com
2023-03-28 14:21:30,549 [35] DEBUG  Application (null) (null) - [USP_mdlz_dataexplorer_output] '4','1|94|95|96|99','-1001','5|8|11|32|50|53','','1','Demographics','','','',''
2023-03-28 14:22:42,825 [42] DEBUG  Application (null) (null) - FilterPanel API initiated by User revathi.k@aqinsights.com
2023-03-28 14:22:42,833 [42] DEBUG  Application (null) (null) - [USP_mdlz_filter_Dataexplorer_DependentOnMarketCategory] '4','1|94|95','Demographics'
2023-03-28 14:22:44,147 [35] DEBUG  Application (null) (null) - FilterPanel API initiated by User revathi.k@aqinsights.com
2023-03-28 14:22:44,154 [35] DEBUG  Application (null) (null) - [USP_mdlz_dataexplorer_output] '4','1|94|95','-1001','5|8|11|32|50|53','','1','Demographics','','','',''
2023-03-28 14:22:48,973 [35] DEBUG  Application (null) (null) - FilterPanel API initiated by User revathi.k@aqinsights.com
2023-03-28 14:22:48,983 [35] DEBUG  Application (null) (null) - [USP_mdlz_dataexplorer_output] '4','1|94|95','-1001','5|8|11|32|50|53','','1','Demographics','','','',''
2023-03-28 14:23:06,435 [35] DEBUG  Application (null) (null) - FilterPanel API initiated by User revathi.k@aqinsights.com
2023-03-28 14:23:06,443 [35] DEBUG  Application (null) (null) - [USP_mdlz_dataexplorer_output] '4','1|94|95','-1001','5|8|11','','1','Demographics','','','',''
2023-03-28 15:04:20,935 [1] DEBUG  Application (null) (null) - Application Started
2023-03-28 15:04:23,812 [9] DEBUG  Application (null) (null) - Home Index Accessed, Param null
2023-03-28 15:04:23,948 [9] DEBUG  Application (null) (null) - request Is redirected to : http://192.168.0.72:8082
2023-03-28 15:04:24,117 [12] DEBUG  Application (null) (null) - LocalLogin Action Accessed
2023-03-28 15:04:43,992 [10] DEBUG  Application (null) (null) - [USP_MDLZ_Check_local_User] 'Revathi.k@aqinsights.com'
2023-03-28 15:04:46,661 [9] DEBUG  Application (null) (null) - Home Index Accessed, Param null
2023-03-28 15:04:46,710 [9] DEBUG  Application (null) (null) - User Is already Validated : revathi.k@aqinsights.com
2023-03-28 15:04:55,898 [9] DEBUG  Application (null) (null) - FilterPanel API initiated by User revathi.k@aqinsights.com
2023-03-28 15:04:56,115 [9] DEBUG  Application (null) (null) - [USP_mdlz_dataexplorer_GetLatestSelection] '7','154','','0'
2023-03-28 15:04:56,514 [9] DEBUG  Application (null) (null) - [USP_mdlz_dataexplorer_output] '4','1|94|95','-1001','5|8|11','','1','Demographics','','','',''
2023-03-28 15:04:57,543 [9] DEBUG  Application (null) (null) - FilterPanel API initiated by User revathi.k@aqinsights.com
2023-03-28 15:04:57,564 [9] DEBUG  Application (null) (null) - [USP_mdlz_filter_Dataexplorer_MarketCategory] ''
2023-03-28 15:04:57,880 [10] DEBUG  Application (null) (null) - FilterPanel API initiated by User revathi.k@aqinsights.com
2023-03-28 15:04:57,896 [10] DEBUG  Application (null) (null) - [USP_mdlz_filter_Dataexplorer_DependentOnMarketCategory] '4','1|94|95','Demographics'
2023-03-28 15:05:10,319 [9] DEBUG  Application (null) (null) - FilterPanel API initiated by User revathi.k@aqinsights.com
2023-03-28 15:05:10,348 [9] DEBUG  Application (null) (null) - [USP_mdlz_dataexplorer_output] '4','1|94|95','-1001','5|8|11','','1','Demographics','','','',''
2023-03-28 15:06:03,842 [12] DEBUG  Application (null) (null) - FilterPanel API initiated by User revathi.k@aqinsights.com
2023-03-28 15:06:03,851 [12] DEBUG  Application (null) (null) - [USP_mdlz_dataexplorer_output] '4','1|94|95','-1001','5|8|11','','1','Demographics','','','',''
2023-03-28 15:06:12,266 [10] DEBUG  Application (null) (null) - FilterPanel API initiated by User revathi.k@aqinsights.com
2023-03-28 15:06:12,273 [10] DEBUG  Application (null) (null) - [USP_mdlz_dataexplorer_output] '4','1|94|95','-1001','5|8|11','','1','Demographics','','','',''
2023-03-28 15:08:37,921 [16] DEBUG  Application (null) (null) - FilterPanel API initiated by User revathi.k@aqinsights.com
2023-03-28 15:08:37,929 [16] DEBUG  Application (null) (null) - [USP_mdlz_dataexplorer_output] '4','1|94|95','-1001','5|8|11','','1','Demographics','','','',''
2023-03-28 15:09:17,007 [12] DEBUG  Application (null) (null) - FilterPanel API initiated by User revathi.k@aqinsights.com
2023-03-28 15:09:17,015 [12] DEBUG  Application (null) (null) - [USP_mdlz_dataexplorer_GetLatestSelection] '7','154','','0'
2023-03-28 15:09:17,285 [12] DEBUG  Application (null) (null) - [USP_mdlz_dataexplorer_output] '4','1|94|95','-1001','5|8|11','','1','Demographics','','','',''
2023-03-28 15:09:17,740 [13] DEBUG  Application (null) (null) - FilterPanel API initiated by User revathi.k@aqinsights.com
2023-03-28 15:09:17,747 [13] DEBUG  Application (null) (null) - [USP_mdlz_filter_Dataexplorer_MarketCategory] ''
2023-03-28 15:09:18,081 [17] DEBUG  Application (null) (null) - FilterPanel API initiated by User revathi.k@aqinsights.com
2023-03-28 15:09:18,090 [17] DEBUG  Application (null) (null) - [USP_mdlz_filter_Dataexplorer_DependentOnMarketCategory] '4','1|94|95','Demographics'
2023-03-28 15:17:20,673 [28] DEBUG  Application (null) (null) - Home Index Accessed, Param null
2023-03-28 15:17:20,688 [28] DEBUG  Application (null) (null) - User Is already Validated : revathi.k@aqinsights.com
2023-03-28 15:19:10,351 [32] DEBUG  Application (null) (null) - Home Index Accessed, Param null
2023-03-28 15:19:10,356 [32] DEBUG  Application (null) (null) - User Is already Validated : revathi.k@aqinsights.com
2023-03-28 15:19:11,711 [36] DEBUG  Application (null) (null) - FilterPanel API initiated by User revathi.k@aqinsights.com
2023-03-28 15:19:11,726 [36] DEBUG  Application (null) (null) - [USP_mdlz_dataexplorer_GetLatestSelection] '7','154','','0'
2023-03-28 15:19:13,813 [36] DEBUG  Application (null) (null) - [USP_mdlz_dataexplorer_output] '4','1|94|95','-1001','5|8|11','','1','Demographics','','','',''
2023-03-28 15:19:15,952 [32] DEBUG  Application (null) (null) - FilterPanel API initiated by User revathi.k@aqinsights.com
2023-03-28 15:19:15,959 [32] DEBUG  Application (null) (null) - [USP_mdlz_filter_Dataexplorer_MarketCategory] ''
2023-03-28 15:19:16,226 [32] DEBUG  Application (null) (null) - FilterPanel API initiated by User revathi.k@aqinsights.com
2023-03-28 15:19:16,236 [32] DEBUG  Application (null) (null) - [USP_mdlz_filter_Dataexplorer_DependentOnMarketCategory] '4','1|94|95','Demographics'
2023-03-28 15:19:22,502 [38] DEBUG  Application (null) (null) - FilterPanel API initiated by User revathi.k@aqinsights.com
2023-03-28 15:19:22,510 [38] DEBUG  Application (null) (null) - [USP_mdlz_dataexplorer_output] '4','1|94|95','-1001','5|8|11','','1','Demographics','','','',''
2023-03-28 15:20:10,367 [32] DEBUG  Application (null) (null) - Home Index Accessed, Param null
2023-03-28 15:20:10,381 [32] DEBUG  Application (null) (null) - User Is already Validated : revathi.k@aqinsights.com
2023-03-28 15:27:39,159 [1] DEBUG  Application (null) (null) - Application Started
2023-03-28 15:27:41,600 [12] DEBUG  Application (null) (null) - Home Index Accessed, Param null
2023-03-28 15:27:41,661 [12] DEBUG  Application (null) (null) - request Is redirected to : http://192.168.0.72:8082
2023-03-28 15:27:41,829 [12] DEBUG  Application (null) (null) - LocalLogin Action Accessed
2023-03-28 15:28:01,480 [18] DEBUG  Application (null) (null) - [USP_MDLZ_Check_local_User] 'Revathi.k@aqinsights.com'
2023-03-28 15:28:03,763 [13] DEBUG  Application (null) (null) - Home Index Accessed, Param null
2023-03-28 15:28:03,776 [13] DEBUG  Application (null) (null) - User Is already Validated : revathi.k@aqinsights.com
2023-03-28 15:28:10,945 [13] DEBUG  Application (null) (null) - FilterPanel API initiated by User revathi.k@aqinsights.com
2023-03-28 15:28:11,155 [13] DEBUG  Application (null) (null) - [USP_mdlz_dataexplorer_GetLatestSelection] '7','154','','0'
2023-03-28 15:28:11,688 [13] DEBUG  Application (null) (null) - [USP_mdlz_dataexplorer_output] '4','1|94|95','-1001','5|8|11','','1','Demographics','','','',''
2023-03-28 15:28:12,217 [14] DEBUG  Application (null) (null) - FilterPanel API initiated by User revathi.k@aqinsights.com
2023-03-28 15:28:12,226 [14] DEBUG  Application (null) (null) - [USP_mdlz_filter_Dataexplorer_MarketCategory] ''
2023-03-28 15:28:12,505 [13] DEBUG  Application (null) (null) - FilterPanel API initiated by User revathi.k@aqinsights.com
2023-03-28 15:28:12,520 [13] DEBUG  Application (null) (null) - [USP_mdlz_filter_Dataexplorer_DependentOnMarketCategory] '4','1|94|95','Demographics'
2023-03-28 15:28:20,036 [19] DEBUG  Application (null) (null) - FilterPanel API initiated by User revathi.k@aqinsights.com
2023-03-28 15:28:20,106 [19] DEBUG  Application (null) (null) - [USP_mdlz_dataexplorer_output] '4','1|94|95','-1001','5|8|11','','1','Demographics','','','',''
2023-03-28 15:28:25,376 [12] DEBUG  Application (null) (null) - FilterPanel API initiated by User revathi.k@aqinsights.com
2023-03-28 15:28:25,386 [12] DEBUG  Application (null) (null) - [USP_mdlz_dataexplorer_output] '4','1|94|95','-1001','5|8|11','','1','Demographics','','','',''
2023-03-28 15:30:24,508 [12] DEBUG  Application (null) (null) - Home Index Accessed, Param null
2023-03-28 15:30:24,522 [12] DEBUG  Application (null) (null) - User Is already Validated : revathi.k@aqinsights.com
2023-03-28 15:31:05,272 [12] DEBUG  Application (null) (null) - FilterPanel API initiated by User revathi.k@aqinsights.com
2023-03-28 15:31:05,294 [12] DEBUG  Application (null) (null) - [USP_mdlz_dataexplorer_GetLatestSelection] '7','154','','0'
2023-03-28 15:31:05,762 [12] DEBUG  Application (null) (null) - [USP_mdlz_dataexplorer_output] '4','1|94|95','-1001','5|8|11','','1','Demographics','','','',''
2023-03-28 15:31:06,255 [4] DEBUG  Application (null) (null) - FilterPanel API initiated by User revathi.k@aqinsights.com
2023-03-28 15:31:06,260 [4] DEBUG  Application (null) (null) - [USP_mdlz_filter_Dataexplorer_MarketCategory] ''
2023-03-28 15:31:06,532 [13] DEBUG  Application (null) (null) - FilterPanel API initiated by User revathi.k@aqinsights.com
2023-03-28 15:31:06,542 [13] DEBUG  Application (null) (null) - [USP_mdlz_filter_Dataexplorer_DependentOnMarketCategory] '4','1|94|95','Demographics'
2023-03-28 16:26:59,313 [84] DEBUG  Application (null) (null) - Home Index Accessed, Param null
2023-03-28 16:26:59,323 [84] DEBUG  Application (null) (null) - User Is already Validated : revathi.k@aqinsights.com
2023-03-28 16:27:26,045 [84] DEBUG  Application (null) (null) - FilterPanel API initiated by User revathi.k@aqinsights.com
2023-03-28 16:27:26,057 [84] DEBUG  Application (null) (null) - [USP_mdlz_dataexplorer_GetLatestSelection] '7','154','','0'
2023-03-28 16:27:27,927 [84] DEBUG  Application (null) (null) - [USP_mdlz_dataexplorer_output] '4','1|94|95','-1001','5|8|11','','1','Demographics','','','',''
2023-03-28 16:27:31,192 [84] DEBUG  Application (null) (null) - FilterPanel API initiated by User revathi.k@aqinsights.com
2023-03-28 16:27:31,198 [84] DEBUG  Application (null) (null) - [USP_mdlz_filter_Dataexplorer_MarketCategory] ''
2023-03-28 16:27:31,623 [92] DEBUG  Application (null) (null) - FilterPanel API initiated by User revathi.k@aqinsights.com
2023-03-28 16:27:31,637 [92] DEBUG  Application (null) (null) - [USP_mdlz_filter_Dataexplorer_DependentOnMarketCategory] '4','1|94|95','Demographics'
2023-03-28 16:29:29,775 [87] DEBUG  Application (null) (null) - Home Index Accessed, Param null
2023-03-28 16:29:29,789 [87] DEBUG  Application (null) (null) - User Is already Validated : revathi.k@aqinsights.com
2023-03-28 16:29:32,109 [89] DEBUG  Application (null) (null) - FilterPanel API initiated by User revathi.k@aqinsights.com
2023-03-28 16:29:32,116 [89] DEBUG  Application (null) (null) - [USP_mdlz_dataexplorer_GetLatestSelection] '7','154','','0'
2023-03-28 16:29:32,382 [89] DEBUG  Application (null) (null) - [USP_mdlz_dataexplorer_output] '4','1|94|95','-1001','5|8|11','','1','Demographics','','','',''
2023-03-28 16:29:32,971 [90] DEBUG  Application (null) (null) - FilterPanel API initiated by User revathi.k@aqinsights.com
2023-03-28 16:29:32,979 [90] DEBUG  Application (null) (null) - [USP_mdlz_filter_Dataexplorer_MarketCategory] ''
2023-03-28 16:29:33,997 [87] DEBUG  Application (null) (null) - FilterPanel API initiated by User revathi.k@aqinsights.com
2023-03-28 16:29:34,007 [87] DEBUG  Application (null) (null) - [USP_mdlz_filter_Dataexplorer_DependentOnMarketCategory] '4','1|94|95','Demographics'
2023-03-28 16:31:01,479 [87] DEBUG  Application (null) (null) - Home Index Accessed, Param null
2023-03-28 16:31:01,489 [87] DEBUG  Application (null) (null) - User Is already Validated : revathi.k@aqinsights.com
2023-03-28 16:31:04,154 [87] DEBUG  Application (null) (null) - FilterPanel API initiated by User revathi.k@aqinsights.com
2023-03-28 16:31:04,160 [87] DEBUG  Application (null) (null) - [USP_mdlz_dataexplorer_GetLatestSelection] '7','154','','0'
2023-03-28 16:31:04,433 [87] DEBUG  Application (null) (null) - [USP_mdlz_dataexplorer_output] '4','1|94|95','-1001','5|8|11','','1','Demographics','','','',''
2023-03-28 16:31:04,922 [91] DEBUG  Application (null) (null) - FilterPanel API initiated by User revathi.k@aqinsights.com
2023-03-28 16:31:04,929 [91] DEBUG  Application (null) (null) - [USP_mdlz_filter_Dataexplorer_MarketCategory] ''
2023-03-28 16:31:05,191 [90] DEBUG  Application (null) (null) - FilterPanel API initiated by User revathi.k@aqinsights.com
2023-03-28 16:31:05,199 [90] DEBUG  Application (null) (null) - [USP_mdlz_filter_Dataexplorer_DependentOnMarketCategory] '4','1|94|95','Demographics'
2023-03-28 16:33:22,543 [87] DEBUG  Application (null) (null) - Home Index Accessed, Param null
2023-03-28 16:33:22,553 [87] DEBUG  Application (null) (null) - User Is already Validated : revathi.k@aqinsights.com
2023-03-28 16:33:26,914 [69] DEBUG  Application (null) (null) - FilterPanel API initiated by User revathi.k@aqinsights.com
2023-03-28 16:33:26,925 [69] DEBUG  Application (null) (null) - [USP_mdlz_dataexplorer_GetLatestSelection] '7','154','','0'
2023-03-28 16:33:27,195 [69] DEBUG  Application (null) (null) - [USP_mdlz_dataexplorer_output] '4','1|94|95','-1001','5|8|11','','1','Demographics','','','',''
2023-03-28 16:33:27,685 [87] DEBUG  Application (null) (null) - FilterPanel API initiated by User revathi.k@aqinsights.com
2023-03-28 16:33:27,692 [87] DEBUG  Application (null) (null) - [USP_mdlz_filter_Dataexplorer_MarketCategory] ''
2023-03-28 16:33:28,191 [70] DEBUG  Application (null) (null) - FilterPanel API initiated by User revathi.k@aqinsights.com
2023-03-28 16:33:28,199 [70] DEBUG  Application (null) (null) - [USP_mdlz_filter_Dataexplorer_DependentOnMarketCategory] '4','1|94|95','Demographics'
2023-03-28 16:33:39,536 [87] DEBUG  Application (null) (null) - FilterPanel API initiated by User revathi.k@aqinsights.com
2023-03-28 16:33:39,546 [87] DEBUG  Application (null) (null) - [USP_mdlz_dataexplorer_output] '4','1|94|95','-1001','5|8|11','','1','Demographics','','','',''
2023-03-28 16:33:58,361 [69] DEBUG  Application (null) (null) - FilterPanel API initiated by User revathi.k@aqinsights.com
2023-03-28 16:33:58,369 [69] DEBUG  Application (null) (null) - [USP_mdlz_dataexplorer_output] '4','1|94|95','-1001','5|8|11','','1','Demographics','','','',''
2023-03-28 16:41:43,841 [85] DEBUG  Application (null) (null) - Home Index Accessed, Param null
2023-03-28 16:41:43,852 [85] DEBUG  Application (null) (null) - User Is already Validated : revathi.k@aqinsights.com
2023-03-28 16:41:46,501 [85] DEBUG  Application (null) (null) - FilterPanel API initiated by User revathi.k@aqinsights.com
2023-03-28 16:41:46,512 [85] DEBUG  Application (null) (null) - [USP_mdlz_dataexplorer_GetLatestSelection] '7','154','','0'
2023-03-28 16:41:48,335 [85] DEBUG  Application (null) (null) - [USP_mdlz_dataexplorer_output] '4','1|94|95','-1001','5|8|11','','1','Demographics','','','',''
2023-03-28 16:41:48,859 [76] DEBUG  Application (null) (null) - FilterPanel API initiated by User revathi.k@aqinsights.com
2023-03-28 16:41:48,867 [76] DEBUG  Application (null) (null) - [USP_mdlz_filter_Dataexplorer_MarketCategory] ''
2023-03-28 16:41:49,148 [80] DEBUG  Application (null) (null) - FilterPanel API initiated by User revathi.k@aqinsights.com
2023-03-28 16:41:49,155 [80] DEBUG  Application (null) (null) - [USP_mdlz_filter_Dataexplorer_DependentOnMarketCategory] '4','1|94|95','Demographics'
2023-03-28 16:41:54,969 [85] DEBUG  Application (null) (null) - FilterPanel API initiated by User revathi.k@aqinsights.com
2023-03-28 16:41:54,982 [85] DEBUG  Application (null) (null) - [USP_mdlz_dataexplorer_output] '4','1|94|95','-1001','5|8|11','','1','Demographics','','','',''
2023-03-28 16:42:00,102 [85] DEBUG  Application (null) (null) - FilterPanel API initiated by User revathi.k@aqinsights.com
2023-03-28 16:42:00,110 [85] DEBUG  Application (null) (null) - [USP_mdlz_dataexplorer_output] '4','1|94|95','-1001','5|8|11','','1','Demographics','','','',''
2023-03-28 16:42:02,603 [85] DEBUG  Application (null) (null) - Home Index Accessed, Param null
2023-03-28 16:42:02,609 [85] DEBUG  Application (null) (null) - User Is already Validated : revathi.k@aqinsights.com
2023-03-28 16:42:08,102 [77] DEBUG  Application (null) (null) - FilterPanel API initiated by User revathi.k@aqinsights.com
2023-03-28 16:42:08,109 [77] DEBUG  Application (null) (null) - [USP_mdlz_dataexplorer_GetLatestSelection] '7','154','','0'
2023-03-28 16:42:08,439 [77] DEBUG  Application (null) (null) - [USP_mdlz_dataexplorer_output] '4','1|94|95','-1001','5|8|11','','1','Demographics','','','',''
2023-03-28 16:42:09,004 [85] DEBUG  Application (null) (null) - FilterPanel API initiated by User revathi.k@aqinsights.com
2023-03-28 16:42:09,011 [85] DEBUG  Application (null) (null) - [USP_mdlz_filter_Dataexplorer_MarketCategory] ''
2023-03-28 16:42:09,325 [80] DEBUG  Application (null) (null) - FilterPanel API initiated by User revathi.k@aqinsights.com
2023-03-28 16:42:09,333 [80] DEBUG  Application (null) (null) - [USP_mdlz_filter_Dataexplorer_DependentOnMarketCategory] '4','1|94|95','Demographics'
2023-03-28 16:42:11,959 [85] DEBUG  Application (null) (null) - Home Index Accessed, Param null
2023-03-28 16:42:11,964 [85] DEBUG  Application (null) (null) - User Is already Validated : revathi.k@aqinsights.com
2023-03-28 16:42:13,869 [79] DEBUG  Application (null) (null) - FilterPanel API initiated by User revathi.k@aqinsights.com
2023-03-28 16:42:13,874 [79] DEBUG  Application (null) (null) - [USP_mdlz_dataexplorer_GetLatestSelection] '7','154','','0'
2023-03-28 16:42:14,185 [79] DEBUG  Application (null) (null) - [USP_mdlz_dataexplorer_output] '4','1|94|95','-1001','5|8|11','','1','Demographics','','','',''
2023-03-28 16:42:14,672 [77] DEBUG  Application (null) (null) - FilterPanel API initiated by User revathi.k@aqinsights.com
2023-03-28 16:42:14,679 [77] DEBUG  Application (null) (null) - [USP_mdlz_filter_Dataexplorer_MarketCategory] ''
2023-03-28 16:42:14,946 [74] DEBUG  Application (null) (null) - FilterPanel API initiated by User revathi.k@aqinsights.com
2023-03-28 16:42:14,953 [74] DEBUG  Application (null) (null) - [USP_mdlz_filter_Dataexplorer_DependentOnMarketCategory] '4','1|94|95','Demographics'
2023-03-28 16:43:01,803 [85] DEBUG  Application (null) (null) - FilterPanel API initiated by User revathi.k@aqinsights.com
2023-03-28 16:43:01,815 [85] DEBUG  Application (null) (null) - [USP_mdlz_dataexplorer_output] '4','1|94|95','-1001','5|8|11','','1','Demographics','','','',''
2023-03-28 16:45:07,755 [85] DEBUG  Application (null) (null) - FilterPanel API initiated by User revathi.k@aqinsights.com
2023-03-28 16:45:07,907 [85] DEBUG  Application (null) (null) - [USP_mdlz_dataexplorer_output] '4','1|94|95','-1001','5|8|11','','1','Demographics','','','',''
2023-03-28 16:46:35,878 [85] DEBUG  Application (null) (null) - Home Index Accessed, Param null
2023-03-28 16:46:35,884 [85] DEBUG  Application (null) (null) - User Is already Validated : revathi.k@aqinsights.com
2023-03-28 16:46:39,933 [85] DEBUG  Application (null) (null) - FilterPanel API initiated by User revathi.k@aqinsights.com
2023-03-28 16:46:39,940 [85] DEBUG  Application (null) (null) - [USP_mdlz_dataexplorer_GetLatestSelection] '7','154','','0'
2023-03-28 16:46:40,208 [85] DEBUG  Application (null) (null) - [USP_mdlz_dataexplorer_output] '4','1|94|95','-1001','5|8|11','','1','Demographics','','','',''
2023-03-28 16:46:40,743 [80] DEBUG  Application (null) (null) - FilterPanel API initiated by User revathi.k@aqinsights.com
2023-03-28 16:46:40,757 [80] DEBUG  Application (null) (null) - [USP_mdlz_filter_Dataexplorer_MarketCategory] ''
2023-03-28 16:46:41,058 [77] DEBUG  Application (null) (null) - FilterPanel API initiated by User revathi.k@aqinsights.com
2023-03-28 16:46:41,066 [77] DEBUG  Application (null) (null) - [USP_mdlz_filter_Dataexplorer_DependentOnMarketCategory] '4','1|94|95','Demographics'
2023-03-28 16:46:44,592 [85] DEBUG  Application (null) (null) - Home Index Accessed, Param null
2023-03-28 16:46:44,599 [85] DEBUG  Application (null) (null) - User Is already Validated : revathi.k@aqinsights.com
2023-03-28 16:46:48,155 [85] DEBUG  Application (null) (null) - FilterPanel API initiated by User revathi.k@aqinsights.com
2023-03-28 16:46:48,161 [85] DEBUG  Application (null) (null) - [USP_mdlz_dataexplorer_GetLatestSelection] '7','154','','0'
2023-03-28 16:46:48,430 [85] DEBUG  Application (null) (null) - [USP_mdlz_dataexplorer_output] '4','1|94|95','-1001','5|8|11','','1','Demographics','','','',''
2023-03-28 16:46:49,066 [66] DEBUG  Application (null) (null) - FilterPanel API initiated by User revathi.k@aqinsights.com
2023-03-28 16:46:49,177 [66] DEBUG  Application (null) (null) - [USP_mdlz_filter_Dataexplorer_MarketCategory] ''
2023-03-28 16:46:49,456 [66] DEBUG  Application (null) (null) - FilterPanel API initiated by User revathi.k@aqinsights.com
2023-03-28 16:46:49,464 [66] DEBUG  Application (null) (null) - [USP_mdlz_filter_Dataexplorer_DependentOnMarketCategory] '4','1|94|95','Demographics'
2023-03-28 16:46:53,828 [80] DEBUG  Application (null) (null) - Home Index Accessed, Param null
2023-03-28 16:46:53,834 [80] DEBUG  Application (null) (null) - User Is already Validated : revathi.k@aqinsights.com
2023-03-28 16:46:55,620 [85] DEBUG  Application (null) (null) - FilterPanel API initiated by User revathi.k@aqinsights.com
2023-03-28 16:46:55,626 [85] DEBUG  Application (null) (null) - [USP_mdlz_dataexplorer_GetLatestSelection] '7','154','','0'
2023-03-28 16:46:55,909 [85] DEBUG  Application (null) (null) - [USP_mdlz_dataexplorer_output] '4','1|94|95','-1001','5|8|11','','1','Demographics','','','',''
2023-03-28 16:46:56,386 [77] DEBUG  Application (null) (null) - FilterPanel API initiated by User revathi.k@aqinsights.com
2023-03-28 16:46:56,394 [77] DEBUG  Application (null) (null) - [USP_mdlz_filter_Dataexplorer_MarketCategory] ''
2023-03-28 16:46:56,665 [74] DEBUG  Application (null) (null) - FilterPanel API initiated by User revathi.k@aqinsights.com
2023-03-28 16:46:56,672 [74] DEBUG  Application (null) (null) - [USP_mdlz_filter_Dataexplorer_DependentOnMarketCategory] '4','1|94|95','Demographics'
2023-03-28 16:46:58,511 [85] DEBUG  Application (null) (null) - Home Index Accessed, Param null
2023-03-28 16:46:58,519 [85] DEBUG  Application (null) (null) - User Is already Validated : revathi.k@aqinsights.com
2023-03-28 16:47:00,463 [85] DEBUG  Application (null) (null) - FilterPanel API initiated by User revathi.k@aqinsights.com
2023-03-28 16:47:00,470 [85] DEBUG  Application (null) (null) - [USP_mdlz_dataexplorer_GetLatestSelection] '7','154','','0'
2023-03-28 16:47:00,732 [85] DEBUG  Application (null) (null) - [USP_mdlz_dataexplorer_output] '4','1|94|95','-1001','5|8|11','','1','Demographics','','','',''
2023-03-28 16:47:01,136 [77] DEBUG  Application (null) (null) - FilterPanel API initiated by User revathi.k@aqinsights.com
2023-03-28 16:47:01,143 [77] DEBUG  Application (null) (null) - [USP_mdlz_filter_Dataexplorer_MarketCategory] ''
2023-03-28 16:47:01,613 [76] DEBUG  Application (null) (null) - FilterPanel API initiated by User revathi.k@aqinsights.com
2023-03-28 16:47:01,620 [76] DEBUG  Application (null) (null) - [USP_mdlz_filter_Dataexplorer_DependentOnMarketCategory] '4','1|94|95','Demographics'
2023-03-28 16:47:03,935 [85] DEBUG  Application (null) (null) - Home Index Accessed, Param null
2023-03-28 16:47:03,941 [85] DEBUG  Application (null) (null) - User Is already Validated : revathi.k@aqinsights.com
2023-03-28 16:47:05,939 [85] DEBUG  Application (null) (null) - FilterPanel API initiated by User revathi.k@aqinsights.com
2023-03-28 16:47:05,946 [85] DEBUG  Application (null) (null) - [USP_mdlz_dataexplorer_GetLatestSelection] '7','154','','0'
2023-03-28 16:47:06,207 [85] DEBUG  Application (null) (null) - [USP_mdlz_dataexplorer_output] '4','1|94|95','-1001','5|8|11','','1','Demographics','','','',''
2023-03-28 16:47:06,646 [77] DEBUG  Application (null) (null) - FilterPanel API initiated by User revathi.k@aqinsights.com
2023-03-28 16:47:06,653 [77] DEBUG  Application (null) (null) - [USP_mdlz_filter_Dataexplorer_MarketCategory] ''
2023-03-28 16:47:06,921 [74] DEBUG  Application (null) (null) - FilterPanel API initiated by User revathi.k@aqinsights.com
2023-03-28 16:47:06,928 [74] DEBUG  Application (null) (null) - [USP_mdlz_filter_Dataexplorer_DependentOnMarketCategory] '4','1|94|95','Demographics'
2023-03-28 16:47:20,505 [85] DEBUG  Application (null) (null) - FilterPanel API initiated by User revathi.k@aqinsights.com
2023-03-28 16:47:20,513 [85] DEBUG  Application (null) (null) - [USP_mdlz_dataexplorer_output] '4','1|94|95','-1001','5|8|11','','1','Demographics','','','',''
2023-03-28 16:47:38,176 [85] DEBUG  Application (null) (null) - FilterPanel API initiated by User revathi.k@aqinsights.com
2023-03-28 16:47:38,182 [85] DEBUG  Application (null) (null) - [USP_mdlz_dataexplorer_output] '4','1|94|95','-1001','5|8|11','','1','Demographics','','','',''
2023-03-28 16:48:15,443 [85] DEBUG  Application (null) (null) - FilterPanel API initiated by User revathi.k@aqinsights.com
2023-03-28 16:48:15,451 [85] DEBUG  Application (null) (null) - [USP_mdlz_dataexplorer_GetLatestSelection] '7','154','','0'
2023-03-28 16:48:15,723 [85] DEBUG  Application (null) (null) - [USP_mdlz_dataexplorer_output] '4','1|94|95','-1001','5|8|11','','1','Demographics','','','',''
2023-03-28 16:48:16,132 [77] DEBUG  Application (null) (null) - FilterPanel API initiated by User revathi.k@aqinsights.com
2023-03-28 16:48:16,138 [77] DEBUG  Application (null) (null) - [USP_mdlz_filter_Dataexplorer_MarketCategory] ''
2023-03-28 16:48:16,421 [74] DEBUG  Application (null) (null) - FilterPanel API initiated by User revathi.k@aqinsights.com
2023-03-28 16:48:16,428 [74] DEBUG  Application (null) (null) - [USP_mdlz_filter_Dataexplorer_DependentOnMarketCategory] '4','1|94|95','Demographics'
2023-03-28 16:48:19,361 [80] DEBUG  Application (null) (null) - FilterPanel API initiated by User revathi.k@aqinsights.com
2023-03-28 16:48:19,447 [80] DEBUG  Application (null) (null) - [USP_mdlz_GetModule_Selections] '154'
2023-03-28 16:48:19,832 [80] DEBUG  Application (null) (null) - [USP_mdlz_filter] ''
2023-03-28 16:49:03,021 [85] DEBUG  Application (null) (null) - FilterPanel API initiated by User revathi.k@aqinsights.com
2023-03-28 16:49:03,058 [85] DEBUG  Application (null) (null) - [USP_mdlz_StoreModule_Selections] '154','3','[{"Id":0,"Name":"column","Selection":[{"Id":1,"Name":"Markets","DisplayName":"Markets","Selection":null}],"SelectionText":"markets"},{"Id":1,"Name":"row","Selection":[{"Id":101,"Name":"Level 1","DisplayName":"Level 1","Selection":[{"Id":3,"Name":"Category","DisplayName":"Category","Selection":null}]},{"Id":102,"Name":"Level 2","DisplayName":"Level 2","Selection":[{"Id":2,"Name":"Brands","DisplayName":"Brands","Selection":null}]}],"SelectionText":"Category - Brands"},{"Id":2,"Name":"markets","Selection":[{"Id":1,"Name":"Austria","DisplayName":"Austria","Selection":null}],"SelectionText":"austria"},{"Id":3,"Name":"category","Selection":[{"Id":2,"Name":"Chocolate","DisplayName":"Chocolate","Selection":null}],"SelectionText":"chocolate"},{"Id":4,"Name":"time period","Selection":[{"Id":1,"Name":"MAT","DisplayName":"MAT","Selection":[{"Id":-1001,"Name":"Latest Time period available","DisplayName":"Latest Timeperiod","Selection":null}]}],"SelectionText":"MAT - Latest Time period available"},{"Id":5,"Name":"Brands","Selection":[{"Id":443346,"Name":"Total Chocolate Market","DisplayName":"Total Chocolate Market","Selection":null,"BrandMappings":[{"CountryId":1,"CategoryId":2,"BrandId":443346,"BrandName":"total chocolate market"}],"$$hashKey":"object:590"},{"Id":443348,"Name":"Milka Family","DisplayName":"Milka Family","Selection":null,"BrandMappings":[{"CountryId":1,"CategoryId":2,"BrandId":443348,"BrandName":"milka family"}],"$$hashKey":"object:592"}],"SelectionText":"Multiple"},{"Id":6,"Name":"segments","Selection":[],"SelectionText":"None | None"},{"Id":7,"Name":"kpi","Selection":[{"Id":1,"Name":"Absolute","DisplayName":"Absolute","Selection":[{"Id":8,"Name":"Penetration","DisplayName":"Absolute: Penetration","Selection":null}]}],"SelectionText":"absolute: penetration"},{"Id":8,"Name":"demographics","Selection":[],"SelectionText":"None"}]'
2023-03-28 16:49:03,353 [74] DEBUG  Application (null) (null) - FilterPanel API initiated by User revathi.k@aqinsights.com
2023-03-28 16:49:04,089 [77] DEBUG  Application (null) (null) - CrossTab API initiated by User revathi.k@aqinsights.com
2023-03-28 16:49:04,148 [77] DEBUG  Application (null) (null) - DECLARE @A TVP_BRAND,@B TVP_BRAND,@C TVP_BRAND 
INSERT INTO @A VALUES ( 1,  1, 2, 443346)
INSERT INTO @A VALUES ( 2,  1, 2, 443348)

2023-03-28 16:49:04,153 [77] DEBUG  Application (null) (null) - [USP_mdlz_crosstab_nested] '1','3|2','1','2','-1001','@A','@B','@C','8','1','','','0'
2023-03-28 16:49:18,380 [85] DEBUG  Application (null) (null) - Home Index Accessed, Param null
2023-03-28 16:49:18,387 [85] DEBUG  Application (null) (null) - User Is already Validated : revathi.k@aqinsights.com
2023-03-28 16:56:02,579 [75] DEBUG  Application (null) (null) - FilterPanel API initiated by User revathi.k@aqinsights.com
2023-03-28 16:56:02,594 [75] DEBUG  Application (null) (null) - [USP_mdlz_dataexplorer_output] '4','1|94|95','-1001','5|8|11','','1','Demographics','','','',''
2023-03-28 16:56:17,049 [75] DEBUG  Application (null) (null) - FilterPanel API initiated by User revathi.k@aqinsights.com
2023-03-28 16:56:17,057 [75] DEBUG  Application (null) (null) - [USP_mdlz_dataexplorer_output] '4','1|94|95','-1001','5|8|11','','1','Demographics','','','',''
2023-03-28 16:56:30,958 [76] DEBUG  Application (null) (null) - Home Index Accessed, Param null
2023-03-28 16:56:30,962 [76] DEBUG  Application (null) (null) - User Is already Validated : revathi.k@aqinsights.com
2023-03-28 16:56:33,166 [76] DEBUG  Application (null) (null) - FilterPanel API initiated by User revathi.k@aqinsights.com
2023-03-28 16:56:33,174 [76] DEBUG  Application (null) (null) - [USP_mdlz_dataexplorer_GetLatestSelection] '7','154','','0'
2023-03-28 16:56:33,439 [76] DEBUG  Application (null) (null) - [USP_mdlz_dataexplorer_output] '4','1|94|95','-1001','5|8|11','','1','Demographics','','','',''
2023-03-28 16:56:33,910 [61] DEBUG  Application (null) (null) - FilterPanel API initiated by User revathi.k@aqinsights.com
2023-03-28 16:56:33,916 [61] DEBUG  Application (null) (null) - [USP_mdlz_filter_Dataexplorer_MarketCategory] ''
2023-03-28 16:56:34,173 [76] DEBUG  Application (null) (null) - FilterPanel API initiated by User revathi.k@aqinsights.com
2023-03-28 16:56:34,179 [76] DEBUG  Application (null) (null) - [USP_mdlz_filter_Dataexplorer_DependentOnMarketCategory] '4','1|94|95','Demographics'
2023-03-28 17:08:14,823 [86] DEBUG  Application (null) (null) - Home Index Accessed, Param null
2023-03-28 17:08:14,831 [86] DEBUG  Application (null) (null) - User Is already Validated : revathi.k@aqinsights.com
2023-03-28 17:08:16,807 [67] DEBUG  Application (null) (null) - Home Index Accessed, Param null
2023-03-28 17:08:16,813 [67] DEBUG  Application (null) (null) - User Is already Validated : revathi.k@aqinsights.com
2023-03-28 17:08:16,959 [83] DEBUG  Application (null) (null) - Home Index Accessed, Param null
2023-03-28 17:08:16,964 [83] DEBUG  Application (null) (null) - User Is already Validated : revathi.k@aqinsights.com
2023-03-28 17:13:51,928 [69] DEBUG  Application (null) (null) - Home Index Accessed, Param null
2023-03-28 17:13:51,938 [69] DEBUG  Application (null) (null) - User Is already Validated : revathi.k@aqinsights.com
2023-03-28 17:14:07,555 [67] DEBUG  Application (null) (null) - FilterPanel API initiated by User revathi.k@aqinsights.com
2023-03-28 17:14:07,579 [67] DEBUG  Application (null) (null) - [USP_mdlz_dataexplorer_GetLatestSelection] '7','154','','0'
2023-03-28 17:14:10,306 [67] DEBUG  Application (null) (null) - [USP_mdlz_dataexplorer_output] '4','2|3|94','-1001|5131|5134','5|8|11','','1','Demographics','','','',''
2023-03-28 17:14:12,140 [83] DEBUG  Application (null) (null) - FilterPanel API initiated by User revathi.k@aqinsights.com
2023-03-28 17:14:12,146 [83] DEBUG  Application (null) (null) - [USP_mdlz_filter_Dataexplorer_MarketCategory] ''
2023-03-28 17:14:12,434 [86] DEBUG  Application (null) (null) - FilterPanel API initiated by User revathi.k@aqinsights.com
2023-03-28 17:14:12,444 [86] DEBUG  Application (null) (null) - [USP_mdlz_filter_Dataexplorer_DependentOnMarketCategory] '4','2|3|94','Demographics'
2023-03-28 17:15:38,556 [67] DEBUG  Application (null) (null) - Home Index Accessed, Param null
2023-03-28 17:15:38,564 [67] DEBUG  Application (null) (null) - User Is already Validated : revathi.k@aqinsights.com
2023-03-28 17:15:42,428 [67] DEBUG  Application (null) (null) - FilterPanel API initiated by User revathi.k@aqinsights.com
2023-03-28 17:15:42,436 [67] DEBUG  Application (null) (null) - [USP_mdlz_dataexplorer_GetLatestSelection] '7','154','','0'
2023-03-28 17:15:42,698 [67] DEBUG  Application (null) (null) - [USP_mdlz_dataexplorer_output] '4','2|3|94','-1001|5131|5134','5|8|11','','1','Demographics','','','',''
2023-03-28 17:15:43,195 [67] DEBUG  Application (null) (null) - FilterPanel API initiated by User revathi.k@aqinsights.com
2023-03-28 17:15:43,203 [67] DEBUG  Application (null) (null) - [USP_mdlz_filter_Dataexplorer_MarketCategory] ''
2023-03-28 17:15:43,513 [87] DEBUG  Application (null) (null) - FilterPanel API initiated by User revathi.k@aqinsights.com
2023-03-28 17:15:43,521 [87] DEBUG  Application (null) (null) - [USP_mdlz_filter_Dataexplorer_DependentOnMarketCategory] '4','2|3|94','Demographics'
2023-03-28 17:16:00,293 [67] DEBUG  Application (null) (null) - Home Index Accessed, Param null
2023-03-28 17:16:00,298 [67] DEBUG  Application (null) (null) - User Is already Validated : revathi.k@aqinsights.com
2023-03-28 17:16:01,743 [86] DEBUG  Application (null) (null) - FilterPanel API initiated by User revathi.k@aqinsights.com
2023-03-28 17:16:01,748 [86] DEBUG  Application (null) (null) - [USP_mdlz_dataexplorer_GetLatestSelection] '7','154','','0'
2023-03-28 17:16:02,019 [86] DEBUG  Application (null) (null) - [USP_mdlz_dataexplorer_output] '4','2|3|94','-1001|5131|5134','5|8|11','','1','Demographics','','','',''
2023-03-28 17:16:02,483 [87] DEBUG  Application (null) (null) - FilterPanel API initiated by User revathi.k@aqinsights.com
2023-03-28 17:16:02,490 [87] DEBUG  Application (null) (null) - [USP_mdlz_filter_Dataexplorer_MarketCategory] ''
2023-03-28 17:16:02,868 [78] DEBUG  Application (null) (null) - FilterPanel API initiated by User revathi.k@aqinsights.com
2023-03-28 17:16:02,873 [78] DEBUG  Application (null) (null) - [USP_mdlz_filter_Dataexplorer_DependentOnMarketCategory] '4','2|3|94','Demographics'
2023-03-28 17:21:44,401 [86] DEBUG  Application (null) (null) - Home Index Accessed, Param null
2023-03-28 17:21:44,409 [86] DEBUG  Application (null) (null) - User Is already Validated : revathi.k@aqinsights.com
2023-03-28 17:21:47,607 [78] DEBUG  Application (null) (null) - FilterPanel API initiated by User revathi.k@aqinsights.com
2023-03-28 17:21:47,613 [78] DEBUG  Application (null) (null) - [USP_mdlz_dataexplorer_GetLatestSelection] '7','154','','0'
2023-03-28 17:21:49,895 [78] DEBUG  Application (null) (null) - [USP_mdlz_dataexplorer_output] '4','2|3|94','-1001|5131|5134','5|8|11','','1','Demographics','','','',''
2023-03-28 17:21:50,606 [88] DEBUG  Application (null) (null) - FilterPanel API initiated by User revathi.k@aqinsights.com
2023-03-28 17:21:50,612 [88] DEBUG  Application (null) (null) - [USP_mdlz_filter_Dataexplorer_MarketCategory] ''
2023-03-28 17:21:50,920 [78] DEBUG  Application (null) (null) - FilterPanel API initiated by User revathi.k@aqinsights.com
2023-03-28 17:21:50,927 [78] DEBUG  Application (null) (null) - [USP_mdlz_filter_Dataexplorer_DependentOnMarketCategory] '4','2|3|94','Demographics'
2023-03-28 17:25:03,507 [87] DEBUG  Application (null) (null) - Home Index Accessed, Param null
2023-03-28 17:25:03,514 [87] DEBUG  Application (null) (null) - User Is already Validated : revathi.k@aqinsights.com
2023-03-28 17:25:06,382 [78] DEBUG  Application (null) (null) - FilterPanel API initiated by User revathi.k@aqinsights.com
2023-03-28 17:25:06,390 [78] DEBUG  Application (null) (null) - [USP_mdlz_dataexplorer_GetLatestSelection] '7','154','','0'
2023-03-28 17:25:06,659 [78] DEBUG  Application (null) (null) - [USP_mdlz_dataexplorer_output] '4','2|3|94','-1001|5131|5134','5|8|11','','1','Demographics','','','',''
2023-03-28 17:25:07,133 [87] DEBUG  Application (null) (null) - FilterPanel API initiated by User revathi.k@aqinsights.com
2023-03-28 17:25:07,139 [87] DEBUG  Application (null) (null) - [USP_mdlz_filter_Dataexplorer_MarketCategory] ''
2023-03-28 17:25:07,418 [13] DEBUG  Application (null) (null) - FilterPanel API initiated by User revathi.k@aqinsights.com
2023-03-28 17:25:07,426 [13] DEBUG  Application (null) (null) - [USP_mdlz_filter_Dataexplorer_DependentOnMarketCategory] '4','2|3|94','Demographics'
2023-03-28 17:27:35,186 [88] DEBUG  Application (null) (null) - Home Index Accessed, Param null
2023-03-28 17:27:35,194 [88] DEBUG  Application (null) (null) - User Is already Validated : revathi.k@aqinsights.com
2023-03-28 17:27:37,547 [88] DEBUG  Application (null) (null) - FilterPanel API initiated by User revathi.k@aqinsights.com
2023-03-28 17:27:37,556 [88] DEBUG  Application (null) (null) - [USP_mdlz_dataexplorer_GetLatestSelection] '7','154','','0'
2023-03-28 17:27:37,869 [88] DEBUG  Application (null) (null) - [USP_mdlz_dataexplorer_output] '4','2|3|94','-1001|5131|5134','5|8|11','','1','Demographics','','','',''
2023-03-28 17:27:38,364 [30] DEBUG  Application (null) (null) - FilterPanel API initiated by User revathi.k@aqinsights.com
2023-03-28 17:27:38,372 [30] DEBUG  Application (null) (null) - [USP_mdlz_filter_Dataexplorer_MarketCategory] ''
2023-03-28 17:27:38,640 [84] DEBUG  Application (null) (null) - FilterPanel API initiated by User revathi.k@aqinsights.com
2023-03-28 17:27:38,650 [84] DEBUG  Application (null) (null) - [USP_mdlz_filter_Dataexplorer_DependentOnMarketCategory] '4','2|3|94','Demographics'
2023-03-28 17:27:48,699 [19] DEBUG  Application (null) (null) - FilterPanel API initiated by User revathi.k@aqinsights.com
2023-03-28 17:27:48,709 [19] DEBUG  Application (null) (null) - [USP_mdlz_dataexplorer_output] '4','2|3|94','-1001|5131|5134','5|8|11','','1','Demographics','','','',''
2023-03-28 17:27:58,433 [13] DEBUG  Application (null) (null) - FilterPanel API initiated by User revathi.k@aqinsights.com
2023-03-28 17:27:58,441 [13] DEBUG  Application (null) (null) - [USP_mdlz_dataexplorer_output] '4','2|3|94','-1001|5131|5134','5|8|11','','1','Demographics','','','',''
