D:\Mondelez\Mondelez\trunk\MondelezDashboard\MondelezDashboard\Client\dist\out-tsc\app\core\service\loader.service.js
D:\Mondelez\Mondelez\trunk\MondelezDashboard\MondelezDashboard\Client\dist\out-tsc\app\core\service\loader.service.js.map
D:\Mondelez\Mondelez\trunk\MondelezDashboard\MondelezDashboard\Client\dist\out-tsc\app\app.component.js
D:\Mondelez\Mondelez\trunk\MondelezDashboard\MondelezDashboard\Client\dist\out-tsc\app\app.component.js.map
D:\Mondelez\Mondelez\trunk\MondelezDashboard\MondelezDashboard\Client\dist\out-tsc\app\core\models\DataExplorerTable.js
D:\Mondelez\Mondelez\trunk\MondelezDashboard\MondelezDashboard\Client\dist\out-tsc\app\core\models\DataExplorerTable.js.map
D:\Mondelez\Mondelez\trunk\MondelezDashboard\MondelezDashboard\Client\dist\out-tsc\app\components\common\alert\alert.component.js
D:\Mondelez\Mondelez\trunk\MondelezDashboard\MondelezDashboard\Client\dist\out-tsc\app\components\common\alert\alert.component.js.map
D:\Mondelez\Mondelez\trunk\MondelezDashboard\MondelezDashboard\Client\dist\out-tsc\app\core\service\selection.service.js
D:\Mondelez\Mondelez\trunk\MondelezDashboard\MondelezDashboard\Client\dist\out-tsc\app\core\service\selection.service.js.map
D:\Mondelez\Mondelez\trunk\MondelezDashboard\MondelezDashboard\Client\dist\out-tsc\app\components\my-selection\alter-selection-delete\alter-selection-delete.component.js
D:\Mondelez\Mondelez\trunk\MondelezDashboard\MondelezDashboard\Client\dist\out-tsc\app\components\my-selection\alter-selection-delete\alter-selection-delete.component.js.map
D:\Mondelez\Mondelez\trunk\MondelezDashboard\MondelezDashboard\Client\dist\out-tsc\app\components\my-selection\my-selection.component.js
D:\Mondelez\Mondelez\trunk\MondelezDashboard\MondelezDashboard\Client\dist\out-tsc\app\components\my-selection\my-selection.component.js.map
D:\Mondelez\Mondelez\trunk\MondelezDashboard\MondelezDashboard\Client\dist\out-tsc\app\components\save-selection\save-selection.component.js
D:\Mondelez\Mondelez\trunk\MondelezDashboard\MondelezDashboard\Client\dist\out-tsc\app\components\save-selection\save-selection.component.js.map
D:\Mondelez\Mondelez\trunk\MondelezDashboard\MondelezDashboard\Client\dist\out-tsc\app\components\dataexplorerTable\dataexplorertable.component.js
D:\Mondelez\Mondelez\trunk\MondelezDashboard\MondelezDashboard\Client\dist\out-tsc\app\components\dataexplorerTable\dataexplorertable.component.js.map
D:\Mondelez\Mondelez\trunk\MondelezDashboard\MondelezDashboard\Client\dist\out-tsc\app\core\service\dataexplorer.service.js
D:\Mondelez\Mondelez\trunk\MondelezDashboard\MondelezDashboard\Client\dist\out-tsc\app\core\service\dataexplorer.service.js.map
D:\Mondelez\Mondelez\trunk\MondelezDashboard\MondelezDashboard\Client\dist\out-tsc\app\core\service\dragdropcube.service.js
D:\Mondelez\Mondelez\trunk\MondelezDashboard\MondelezDashboard\Client\dist\out-tsc\app\core\service\dragdropcube.service.js.map
D:\Mondelez\Mondelez\trunk\MondelezDashboard\MondelezDashboard\Client\dist\out-tsc\app\components\dropdownPopup\dropdownPopup.component.js
D:\Mondelez\Mondelez\trunk\MondelezDashboard\MondelezDashboard\Client\dist\out-tsc\app\components\dropdownPopup\dropdownPopup.component.js.map
D:\Mondelez\Mondelez\trunk\MondelezDashboard\MondelezDashboard\Client\dist\out-tsc\app\components\pivot\pivot.component.js
D:\Mondelez\Mondelez\trunk\MondelezDashboard\MondelezDashboard\Client\dist\out-tsc\app\components\pivot\pivot.component.js.map
D:\Mondelez\Mondelez\trunk\MondelezDashboard\MondelezDashboard\Client\dist\out-tsc\app\components\dataexplorer\dataexplorer.component.js
D:\Mondelez\Mondelez\trunk\MondelezDashboard\MondelezDashboard\Client\dist\out-tsc\app\components\dataexplorer\dataexplorer.component.js.map
D:\Mondelez\Mondelez\trunk\MondelezDashboard\MondelezDashboard\Client\dist\out-tsc\app\core\interceptor\loader.interceptor.js
D:\Mondelez\Mondelez\trunk\MondelezDashboard\MondelezDashboard\Client\dist\out-tsc\app\core\interceptor\loader.interceptor.js.map
D:\Mondelez\Mondelez\trunk\MondelezDashboard\MondelezDashboard\Client\dist\out-tsc\app\core\service\error.service.js
D:\Mondelez\Mondelez\trunk\MondelezDashboard\MondelezDashboard\Client\dist\out-tsc\app\core\service\error.service.js.map
D:\Mondelez\Mondelez\trunk\MondelezDashboard\MondelezDashboard\Client\dist\out-tsc\app\core\service\notification.service.js
D:\Mondelez\Mondelez\trunk\MondelezDashboard\MondelezDashboard\Client\dist\out-tsc\app\core\service\notification.service.js.map
D:\Mondelez\Mondelez\trunk\MondelezDashboard\MondelezDashboard\Client\dist\out-tsc\app\core\global-error-handler.js
D:\Mondelez\Mondelez\trunk\MondelezDashboard\MondelezDashboard\Client\dist\out-tsc\app\core\global-error-handler.js.map
D:\Mondelez\Mondelez\trunk\MondelezDashboard\MondelezDashboard\Client\dist\out-tsc\app\core\interceptor\server-error.interceptor.js
D:\Mondelez\Mondelez\trunk\MondelezDashboard\MondelezDashboard\Client\dist\out-tsc\app\core\interceptor\server-error.interceptor.js.map
D:\Mondelez\Mondelez\trunk\MondelezDashboard\MondelezDashboard\Client\dist\out-tsc\app\app.module.js
D:\Mondelez\Mondelez\trunk\MondelezDashboard\MondelezDashboard\Client\dist\out-tsc\app\app.module.js.map
D:\Mondelez\Mondelez\trunk\MondelezDashboard\MondelezDashboard\Client\dist\out-tsc\environments\environment.js
D:\Mondelez\Mondelez\trunk\MondelezDashboard\MondelezDashboard\Client\dist\out-tsc\environments\environment.js.map
D:\Mondelez\Mondelez\trunk\MondelezDashboard\MondelezDashboard\Client\dist\out-tsc\main.js
D:\Mondelez\Mondelez\trunk\MondelezDashboard\MondelezDashboard\Client\dist\out-tsc\main.js.map
D:\Mondelez\Mondelez\trunk\MondelezDashboard\MondelezDashboard\Client\dist\out-tsc\polyfills.js
D:\Mondelez\Mondelez\trunk\MondelezDashboard\MondelezDashboard\Client\dist\out-tsc\polyfills.js.map
D:\Mondelez\Mondelez\trunk\MondelezDashboard\MondelezDashboard\Client\dist\out-tsc\test.js
D:\Mondelez\Mondelez\trunk\MondelezDashboard\MondelezDashboard\Client\dist\out-tsc\test.js.map
D:\Mondelez\Mondelez\trunk\MondelezDashboard\MondelezDashboard\Client\dist\out-tsc\app\app-routing.module.js
D:\Mondelez\Mondelez\trunk\MondelezDashboard\MondelezDashboard\Client\dist\out-tsc\app\app-routing.module.js.map
D:\Mondelez\Mondelez\trunk\MondelezDashboard\MondelezDashboard\Client\dist\out-tsc\app\app.component.spec.js
D:\Mondelez\Mondelez\trunk\MondelezDashboard\MondelezDashboard\Client\dist\out-tsc\app\app.component.spec.js.map
D:\Mondelez\Mondelez\trunk\MondelezDashboard\MondelezDashboard\Client\dist\out-tsc\app\components\common\alert\alert.component.spec.js
D:\Mondelez\Mondelez\trunk\MondelezDashboard\MondelezDashboard\Client\dist\out-tsc\app\components\common\alert\alert.component.spec.js.map
D:\Mondelez\Mondelez\trunk\MondelezDashboard\MondelezDashboard\Client\dist\out-tsc\app\components\dataexplorer\dataexplorer.component.spec.js
D:\Mondelez\Mondelez\trunk\MondelezDashboard\MondelezDashboard\Client\dist\out-tsc\app\components\dataexplorer\dataexplorer.component.spec.js.map
D:\Mondelez\Mondelez\trunk\MondelezDashboard\MondelezDashboard\Client\dist\out-tsc\app\components\my-selection\my-selection.component.spec.js
D:\Mondelez\Mondelez\trunk\MondelezDashboard\MondelezDashboard\Client\dist\out-tsc\app\components\my-selection\my-selection.component.spec.js.map
D:\Mondelez\Mondelez\trunk\MondelezDashboard\MondelezDashboard\Client\dist\out-tsc\app\components\my-selection\alter-selection-delete\alter-selection-delete.component.spec.js
D:\Mondelez\Mondelez\trunk\MondelezDashboard\MondelezDashboard\Client\dist\out-tsc\app\components\my-selection\alter-selection-delete\alter-selection-delete.component.spec.js.map
D:\Mondelez\Mondelez\trunk\MondelezDashboard\MondelezDashboard\Client\dist\out-tsc\app\components\pivot\pivot.component.spec.js
D:\Mondelez\Mondelez\trunk\MondelezDashboard\MondelezDashboard\Client\dist\out-tsc\app\components\pivot\pivot.component.spec.js.map
D:\Mondelez\Mondelez\trunk\MondelezDashboard\MondelezDashboard\Client\dist\out-tsc\app\components\save-selection\save-selection.component.spec.js
D:\Mondelez\Mondelez\trunk\MondelezDashboard\MondelezDashboard\Client\dist\out-tsc\app\components\save-selection\save-selection.component.spec.js.map
D:\Mondelez\Mondelez\trunk\MondelezDashboard\MondelezDashboard\Client\dist\out-tsc\app\core\service\dataexplorer.service.spec.js
D:\Mondelez\Mondelez\trunk\MondelezDashboard\MondelezDashboard\Client\dist\out-tsc\app\core\service\dataexplorer.service.spec.js.map
D:\Mondelez\Mondelez\trunk\MondelezDashboard\MondelezDashboard\Client\dist\out-tsc\app\core\service\loader.service.spec.js
D:\Mondelez\Mondelez\trunk\MondelezDashboard\MondelezDashboard\Client\dist\out-tsc\app\core\service\loader.service.spec.js.map
D:\Mondelez\Mondelez\trunk\MondelezDashboard\MondelezDashboard\Client\dist\out-tsc\app\core\service\selection.service.spec.js
D:\Mondelez\Mondelez\trunk\MondelezDashboard\MondelezDashboard\Client\dist\out-tsc\app\core\service\selection.service.spec.js.map
D:\Mondelez\Mondelez\trunk\MondelezDashboard\MondelezDashboard\Client\dist\out-tsc\environments\environment.prod.js
D:\Mondelez\Mondelez\trunk\MondelezDashboard\MondelezDashboard\Client\dist\out-tsc\environments\environment.prod.js.map
